C51 COMPILER V9.01   XE_DO_LINE                                                            08/26/2018 13:15:57 PAGE 1   


C51 COMPILER V9.01, COMPILATION OF MODULE XE_DO_LINE
OBJECT MODULE PLACED IN Xe_do_line.OBJ
COMPILER INVOKED BY: D:\keil c\C51\BIN\C51.EXE Xe_do_line.c BROWSE DEBUG OBJECTEXTEND

line level    source

   1           #include <main.h>
   2           #include "..\library\delay.h"
   3          
   4           void main()
   5           {
   6   1           while(1)
   7   1         {
   8   2           if(IR==0x11) P2_1 = 0;
   9   2           delay(1);
  10   2         }
  11   1       }


MODULE INFORMATION:   STATIC OVERLAYABLE
   CODE SIZE        =     16    ----
   CONSTANT SIZE    =   ----    ----
   XDATA SIZE       =   ----    ----
   PDATA SIZE       =   ----    ----
   DATA SIZE        =   ----    ----
   IDATA SIZE       =   ----    ----
   BIT SIZE         =   ----    ----
END OF MODULE INFORMATION.


C51 COMPILATION COMPLETE.  0 WARNING(S),  0 ERROR(S)
