C51 COMPILER V9.01   BAI_TAP                                                               10/30/2018 00:34:22 PAGE 1   


C51 COMPILER V9.01, COMPILATION OF MODULE BAI_TAP
OBJECT MODULE PLACED IN Bai_tap.OBJ
COMPILER INVOKED BY: D:\Keil C\C51\BIN\C51.EXE Bai_tap.c BROWSE DEBUG OBJECTEXTEND

line level    source

   1           #include <main.h>
   2           #include "..\..\library\delay.h"
   3           unsigned char code code7seg[] = {0xC0, 0xF9, 0xA4, 0xB0, 0x99, 0x92, 0x82, 0xF8, 0x80, 0x90};
   4           unsigned int dv,ch,tr,ngh;
   5           unsigned int dem = 0;
   6           int t = 0;
   7           void time_on(unsigned int dem);
   8           void main()
   9           {
  10   1         TMOD = 0x01;
  11   1         ET0 = 1;
  12   1         EA = 1;
  13   1         TR0 = 1;
  14   1         while(1)
  15   1         {
  16   2           time_on(dem);
  17   2         }
  18   1       }
  19           void ngat() interrupt 1 using 0
  20           {
  21   1         TH0 = 0xFC;
  22   1         TL0 = 0x18;
  23   1         t++;
  24   1         if(t>=1000)
  25   1         {
  26   2           t = 0;
  27   2               dem++;
  28   2         }  
  29   1       }
  30           void time_on(unsigned int dem)
  31           {
  32   1         ngh = dem/1000;
  33   1         tr = (dem%1000)/100;
  34   1         ch = (dem%100)/10;
  35   1         dv = (dem%10);
  36   1      
  37   1         Led = code7seg[dv];
  38   1         donvi = 0;
  39   1         delay(1);
  40   1         donvi = 1;
  41   1         Led = code7seg[ch];
  42   1         chuc = 0;
  43   1         delay(1);
  44   1         chuc = 1;
  45   1         Led = code7seg[tr];
  46   1         tram = 0;
  47   1         delay(1);
  48   1         tram = 1;
  49   1         Led = code7seg[ngh];
  50   1         nghin = 0;
  51   1         delay(1);
  52   1         nghin = 1;
  53   1       }


C51 COMPILER V9.01   BAI_TAP                                                               10/30/2018 00:34:22 PAGE 2   

MODULE INFORMATION:   STATIC OVERLAYABLE
   CODE SIZE        =    229    ----
   CONSTANT SIZE    =     10    ----
   XDATA SIZE       =   ----    ----
   PDATA SIZE       =   ----    ----
   DATA SIZE        =     12    ----
   IDATA SIZE       =   ----    ----
   BIT SIZE         =   ----    ----
END OF MODULE INFORMATION.


C51 COMPILATION COMPLETE.  0 WARNING(S),  0 ERROR(S)
