C51 COMPILER V9.01   MAIN                                                                  03/07/2019 21:33:19 PAGE 1   


C51 COMPILER V9.01, COMPILATION OF MODULE MAIN
OBJECT MODULE PLACED IN main.OBJ
COMPILER INVOKED BY: D:\Keil C\C51\BIN\C51.EXE main.c OMF2 BROWSE DEBUG

line level    source

   1          #include <main.h>
   2          #include <lcd4.h>
   3          #include <delay.h>
   4          
   5          void main()
   6          {
   7   1        Lcd_Init();
   8   1        Lcd_Out_Cp("DO NHONG NHEO");
   9   1        Lcd_gotoxy(2,1);
  10   1        Lcd_Out_Cp("DE THUONG S2 !!");
  11   1        while(1)
  12   1        {}
  13   1      }


MODULE INFORMATION:   STATIC OVERLAYABLE
   CODE SIZE        =     30    ----
   CONSTANT SIZE    =     30    ----
   XDATA SIZE       =   ----    ----
   PDATA SIZE       =   ----    ----
   DATA SIZE        =   ----    ----
   IDATA SIZE       =   ----    ----
   BIT SIZE         =   ----    ----
   EDATA SIZE       =   ----    ----
   HDATA SIZE       =   ----    ----
   XDATA CONST SIZE =   ----    ----
   FAR CONST SIZE   =   ----    ----
END OF MODULE INFORMATION.


C51 COMPILATION COMPLETE.  0 WARNING(S),  0 ERROR(S)
