C51 COMPILER V9.01   IE74595                                                               09/12/2018 12:08:37 PAGE 1   


C51 COMPILER V9.01, COMPILATION OF MODULE IE74595
OBJECT MODULE PLACED IN .\IE74595.obj
COMPILER INVOKED BY: D:\keil c\C51\BIN\C51.EXE ..\library\IE74595.c BROWSE DEBUG OBJECTEXTEND PRINT(.\IE74595.lst) OBJEC
                    -T(.\IE74595.obj)

line level    source

   1          /*************************THU VIEN IC 74595***************************
   2          Yeu cau: Khai bao ket noi voi 74595     trong file port.h voi cu phap sau:
   3          sbit IE74595_SHCP = P2^0;
   4          sbit IE74595_DS   = P2^1;
   5          sbit IE74595_STCP = P2^2;
   6          **********************************************************************/
   7          
   8          #include"main.h"
   9          #include"port.h"
*** WARNING C318 IN LINE 9 OF ..\library\IE74595.c: can't open file 'port.h'
  10          #include"IE74595.h"
  11          
  12          void IE74595_Shift_Byte(unsigned char b)
  13          {
  14   1              unsigned char i;
  15   1              for(i = 0; i<8; i++)
  16   1              {
  17   2                      // Xuat bit 7 den bit 0 ra chan DS
  18   2                      IE74595_DS = (b >> (7-i))&0x01;
*** ERROR C202 IN LINE 18 OF ..\LIBRARY\IE74595.C: 'IE74595_DS': undefined identifier
  19   2      
  20   2                      // Tao xung SHCP
  21   2                      IE74595_SHCP = 0;
*** ERROR C202 IN LINE 21 OF ..\LIBRARY\IE74595.C: 'IE74595_SHCP': undefined identifier
  22   2                      IE74595_SHCP = 1;
*** ERROR C202 IN LINE 22 OF ..\LIBRARY\IE74595.C: 'IE74595_SHCP': undefined identifier
  23   2              }
  24   1      
  25   1              // Tao xung STCP
  26   1              IE74595_STCP = 0;
*** ERROR C202 IN LINE 26 OF ..\LIBRARY\IE74595.C: 'IE74595_STCP': undefined identifier
  27   1              IE74595_STCP = 1;
*** ERROR C202 IN LINE 27 OF ..\LIBRARY\IE74595.C: 'IE74595_STCP': undefined identifier
  28   1      }
  29          
  30          // Ta viet them 1 ham xuat 1 mang byte ra cac IC74595
  31          // bs la con tro nha
  32          void IE74595_Out(unsigned char * bs)
  33          {
  34   1              unsigned char i, j;
  35   1              unsigned char n;
  36   1              unsigned char b;
  37   1      
  38   1              n = sizeof(bs);
  39   1      
  40   1              for(j=n;j>0;j--)
  41   1              {
  42   2                      // Ta dich byte cao truoc
  43   2                      b = *(bs+j-1);
  44   2                      for(i = 0; i<8; i++)
  45   2                      {
  46   3                              // Xuat bit 7 den bit 0 ra chan DS
  47   3                              IE74595_DS = (b >> (7-i))&0x01;
*** ERROR C202 IN LINE 47 OF ..\LIBRARY\IE74595.C: 'IE74595_DS': undefined identifier
C51 COMPILER V9.01   IE74595                                                               09/12/2018 12:08:37 PAGE 2   

  48   3              
  49   3                              // Tao xung SHCP
  50   3                              IE74595_SHCP = 0;
*** ERROR C202 IN LINE 50 OF ..\LIBRARY\IE74595.C: 'IE74595_SHCP': undefined identifier
  51   3                              IE74595_SHCP = 1;
*** ERROR C202 IN LINE 51 OF ..\LIBRARY\IE74595.C: 'IE74595_SHCP': undefined identifier
  52   3                      }
  53   2              }
  54   1      
  55   1              // Tao xung STCP
  56   1              IE74595_STCP = 0;
*** ERROR C202 IN LINE 56 OF ..\LIBRARY\IE74595.C: 'IE74595_STCP': undefined identifier
  57   1              IE74595_STCP = 1;
*** ERROR C202 IN LINE 57 OF ..\LIBRARY\IE74595.C: 'IE74595_STCP': undefined identifier
  58   1      }
  59          
  60          

C51 COMPILATION COMPLETE.  1 WARNING(S),  10 ERROR(S)
