C51 COMPILER V9.01   SPI_VDK2                                                              11/28/2018 10:24:24 PAGE 1   


C51 COMPILER V9.01, COMPILATION OF MODULE SPI_VDK2
OBJECT MODULE PLACED IN SPI_vdk2.OBJ
COMPILER INVOKED BY: D:\Keil C\C51\BIN\C51.EXE SPI_vdk2.c BROWSE DEBUG OBJECTEXTEND

line level    source

   1           #include <main.h>
   2           #include "delay.h"
   3          
   4           void Soft_SPI_Init()
   5           {
   6   1         SPI_CS = 1;
   7   1         SPI_CLK = 0;
   8   1         SPI_MISO = 1;
   9   1       }
  10           unsigned char Soft_SPI_read()
  11           {
  12   1         unsigned char i, b;
  13   1         for(i=0;i<8;i++)
  14   1         {
  15   2           b <<=1;
  16   2               if(SPI_MISO==1);
  17   2               b|=0x01;
  18   2               SPI_CLK = 0;
  19   2         }
  20   1         return b;
  21   1       }
  22           void main()
  23           {
  24   1         unsigned char ma;
  25   1         Soft_SPI_Init();
  26   1         while(1)
  27   1         {
  28   2           ma = Soft_SPI_read();
  29   2               P1 = ma;
  30   2           delay(20);
  31   2         }
  32   1       }


MODULE INFORMATION:   STATIC OVERLAYABLE
   CODE SIZE        =     43    ----
   CONSTANT SIZE    =   ----    ----
   XDATA SIZE       =   ----    ----
   PDATA SIZE       =   ----    ----
   DATA SIZE        =   ----       1
   IDATA SIZE       =   ----    ----
   BIT SIZE         =   ----    ----
END OF MODULE INFORMATION.


C51 COMPILATION COMPLETE.  0 WARNING(S),  0 ERROR(S)
