C51 COMPILER V9.01   DONG_HO_DON_GIAN                                                      08/18/2018 15:16:09 PAGE 1   


C51 COMPILER V9.01, COMPILATION OF MODULE DONG_HO_DON_GIAN
OBJECT MODULE PLACED IN Dong_ho_don_gian.OBJ
COMPILER INVOKED BY: D:\keil c\C51\BIN\C51.EXE Dong_ho_don_gian.c BROWSE DEBUG OBJECTEXTEND

line level    source

   1            #include <main.h>
   2            
   3          
   4            void delay(unsigned int t)
   5            {
   6   1          TMOD = 0x01;
   7   1          do
   8   1              {
   9   2                TL0 = 0x18;
  10   2                TH0 = 0xFC;
  11   2                TR0 =1;
  12   2                while(!TF0);
  13   2                TF0 = 0;
  14   2                TR0 = 0;
  15   2                t--;
  16   2              } while(t!=0);
  17   1        }
  18          
  19            unsigned char code code7seg[10] = { 0xC0, 0xF9, 0xA4, 0xB0, 0x99, 0x92, 0x82, 0xF8, 0x80, 0x90}; 
  20            unsigned char chuc, donvi;
  21            unsigned char  giay, phut, gio;
  22            
  23            unsigned int i;
  24          
  25            void TIME_ON()
  26            {
  27   1           // hien gio
  28   1                        chuc = gio/10;
  29   1                        donvi = gio%10;
  30   1                        
  31   1                        LED_PORT = code7seg[chuc];
  32   1                        giochuc = 0;
  33   1                        delay(1);
  34   1                        giochuc = 1;
  35   1      
  36   1                        LED_PORT = code7seg[donvi];
  37   1                        giodonvi = 0;
  38   1                        delay(1);
  39   1                        giodonvi = 1;
  40   1      
  41   1                        // hien phut
  42   1                        chuc = phut/10;
  43   1                        donvi = phut%10;
  44   1                        
  45   1                        LED_PORT = code7seg[chuc];
  46   1                        phutchuc = 0;
  47   1                        delay(1);
  48   1                        phutchuc = 1;
  49   1      
  50   1                        LED_PORT = code7seg[donvi];
  51   1                        phutdonvi = 0;
  52   1                        delay(1);
  53   1                        phutdonvi = 1;
  54   1      
  55   1                        // hien giay
C51 COMPILER V9.01   DONG_HO_DON_GIAN                                                      08/18/2018 15:16:09 PAGE 2   

  56   1                        chuc = giay/10;
  57   1                        donvi = giay%10;
  58   1                        
  59   1                        LED_PORT = code7seg[chuc];
  60   1                        giaychuc = 0;
  61   1                        delay(1);
  62   1                        giaychuc = 1;
  63   1      
  64   1                        LED_PORT = code7seg[donvi];
  65   1                        giaydonvi = 0;
  66   1                        delay(1);
  67   1                        giaydonvi = 1;
  68   1        }
  69            void main()
  70            {
  71   1              giay = phut = gio = 0;
  72   1              while(1)  // chinh thoi gian
  73   1              {
  74   2                 while(1) // chinh gio
  75   2                 {  
  76   3                     TIME_ON();
  77   3                         if(BTN_UP==0)
  78   3                         {
  79   4                           while(BTN_UP==0)
  80   4                               {
  81   5                                 TIME_ON();
  82   5                               }
  83   4                               if(gio==23) gio=0;
  84   4                               else gio++;
  85   4                         }
  86   3                         if(BTN_DOWN==0)
  87   3                         {
  88   4                           while(BTN_DOWN==0)
  89   4                               {
  90   5                                 TIME_ON();
  91   5                               }
  92   4                               if(gio==0) gio=23;
  93   4                               else gio--;
  94   4                         }
  95   3                         if(BTN_NEXT == 0)
  96   3                         {
  97   4                           while(BTN_NEXT==0)
  98   4                               {
  99   5                                 TIME_ON();
 100   5                               }
 101   4                               break;
 102   4                         }
 103   3                         if(BTN_START==0)
 104   3                         {
 105   4                           while(BTN_START==0)
 106   4                               {
 107   5                                TIME_ON();
 108   5                                goto here;
 109   5                               }
 110   4                         }
 111   3                 }
 112   2                 while(1) // chinh phut
 113   2                 {
 114   3                       TIME_ON();
 115   3                         if(BTN_UP==0)
 116   3                         {
 117   4                           while(BTN_UP==0)
C51 COMPILER V9.01   DONG_HO_DON_GIAN                                                      08/18/2018 15:16:09 PAGE 3   

 118   4                               {
 119   5                                 TIME_ON();
 120   5                               }
 121   4                               if(phut==59) phut=0;
 122   4                               else phut++;
 123   4                         }
 124   3                         if(BTN_DOWN==0)
 125   3                         {
 126   4                           while(BTN_DOWN==0)
 127   4                               {
 128   5                                 TIME_ON();
 129   5                               }
 130   4                               if(phut==0) phut=59;
 131   4                               else phut--;
 132   4                         }
 133   3                         if(BTN_NEXT == 0)
 134   3                         {
 135   4                           while(BTN_NEXT==0)
 136   4                               {
 137   5                                 TIME_ON();
 138   5                               }
 139   4                               break;
 140   4                         }
 141   3                         if(BTN_START==0)
 142   3                         {
 143   4                           while(BTN_START==0)
 144   4                               {
 145   5                                TIME_ON();
 146   5                                goto here;
 147   5                               }
 148   4                         }
 149   3                 }
 150   2              }
 151   1              here :
 152   1          while(1)   // hien thoi gian
 153   1              {
 154   2                      for(i=0;i<166;i++)
 155   2                      {
 156   3                              TIME_ON();
 157   3                      }
 158   2                        // tang giay len 1
 159   2                        giay++;
 160   2                        if(giay==60)
 161   2                        {
 162   3                         giay=0;
 163   3                         phut++;
 164   3                             if(phut==60)
 165   3                             {
 166   4                                        phut=0;
 167   4                                        gio++;
 168   4                                        if(gio==24) gio=0;
 169   4                             }
 170   3                        }
 171   2                      
 172   2              }
 173   1        }


MODULE INFORMATION:   STATIC OVERLAYABLE
   CODE SIZE        =    358    ----
   CONSTANT SIZE    =     10    ----
   XDATA SIZE       =   ----    ----
C51 COMPILER V9.01   DONG_HO_DON_GIAN                                                      08/18/2018 15:16:09 PAGE 4   

   PDATA SIZE       =   ----    ----
   DATA SIZE        =      7    ----
   IDATA SIZE       =   ----    ----
   BIT SIZE         =   ----    ----
END OF MODULE INFORMATION.


C51 COMPILATION COMPLETE.  0 WARNING(S),  0 ERROR(S)
