C51 COMPILER V9.01   DAC                                                                   08/25/2018 22:16:29 PAGE 1   


C51 COMPILER V9.01, COMPILATION OF MODULE DAC
OBJECT MODULE PLACED IN DAC.OBJ
COMPILER INVOKED BY: D:\keil c\C51\BIN\C51.EXE DAC.c BROWSE DEBUG OBJECTEXTEND

line level    source

   1            #include <main.h>
   2            #include "..\library\delay.h"
   3          
   4            void main()
   5            {
   6   1          P2 = 0;
   7   1              while(1)
   8   1              {
   9   2                do
  10   2                {
  11   3                  P2++;
  12   3                      delay(8);
  13   3                } while(P2!=255);
  14   2                do
  15   2                {
  16   3                  P2--;
  17   3                      delay(8);
  18   3                } while(P2!=0);
  19   2              }
  20   1        }


MODULE INFORMATION:   STATIC OVERLAYABLE
   CODE SIZE        =     32    ----
   CONSTANT SIZE    =   ----    ----
   XDATA SIZE       =   ----    ----
   PDATA SIZE       =   ----    ----
   DATA SIZE        =   ----    ----
   IDATA SIZE       =   ----    ----
   BIT SIZE         =   ----    ----
END OF MODULE INFORMATION.


C51 COMPILATION COMPLETE.  0 WARNING(S),  0 ERROR(S)
