C51 COMPILER V9.01   DELAY                                                                 10/01/2018 21:27:23 PAGE 1   


C51 COMPILER V9.01, COMPILATION OF MODULE DELAY
OBJECT MODULE PLACED IN .\delay.obj
COMPILER INVOKED BY: D:\keil c\C51\BIN\C51.EXE ..\..\library\delay.c OMF2 BROWSE DEBUG PRINT(.\delay.lst) OBJECT(.\delay
                    -.obj)

line level    source

   1                           #include <delay.h>
*** WARNING C318 IN LINE 1 OF ..\..\library\delay.c: can't open file 'delay.h'
   2                   void delay(unsigned int t)
   3                          {
   4   1                       unsigned int x, y;
   5   1                       for(x = 0; x < t; x++)
   6   1                       for(y = 0; y < 123; y++);
   7   1                      }


MODULE INFORMATION:   STATIC OVERLAYABLE
   CODE SIZE        =     32    ----
   CONSTANT SIZE    =   ----    ----
   XDATA SIZE       =   ----    ----
   PDATA SIZE       =   ----    ----
   DATA SIZE        =   ----    ----
   IDATA SIZE       =   ----    ----
   BIT SIZE         =   ----    ----
   EDATA SIZE       =   ----    ----
   HDATA SIZE       =   ----    ----
   XDATA CONST SIZE =   ----    ----
   FAR CONST SIZE   =   ----    ----
END OF MODULE INFORMATION.


C51 COMPILATION COMPLETE.  1 WARNING(S),  0 ERROR(S)
