C51 COMPILER V9.01   LED_7                                                                 10/01/2018 21:54:46 PAGE 1   


C51 COMPILER V9.01, COMPILATION OF MODULE LED_7
OBJECT MODULE PLACED IN led_7.OBJ
COMPILER INVOKED BY: D:\keil c\C51\BIN\C51.EXE led_7.c OMF2 BROWSE DEBUG

line level    source

   1           #include <AT89x52.h>
   2           #include "E:\file Keil C\AT89S52\library\delay.h"
   3           #define LED P0
   4           sbit L1 = P3^4;
   5           sbit L2 = P3^5;
   6           sbit L3 = P3^4;
   7           sbit L4 = P3^5;
   8           int i, x, y;
   9           int ngan, tram, chuc, donvi;
  10           void delay_ms(unsigned char t)
  11           {
  12   1         unsigned int x;
  13   1         for(x=0; x<t;x++)
  14   1         {
  15   2                 TMOD = 0x01;
  16   2                 TH0 = 0xFC;
  17   2                 TL0 = 0x18;
  18   2                 TF0 = 0;
  19   2                 TR0 = 1;
  20   2                 while(!TF0); 
  21   2                 TF0 = 0;
  22   2                 TR0 = 0;
  23   2         }
  24   1      
  25   1       }
  26           
  27           unsigned char code code7seg[] = {0xFC, 0x60, 0xDA, 0xF2, 0x66, 0xB6, 0xBE, 0xE0, 0xFE, 0xF6};
  28           void main()
  29           {
  30   1         while(1)
  31   1         {
  32   2           for(i=0;i<99;i++)
  33   2               {  
  34   3                 chuc = i/10;
  35   3                 donvi = i%10;
  36   3                 for(x=0;x<500;x++)
  37   3                 {
  38   4                         LED = code7seg[donvi];
  39   4                         L1 = 0;
  40   4                         delay_ms(1);
  41   4                         L1 = 1;
  42   4                         LED = code7seg[chuc];
  43   4                         L2 = 0;
  44   4                         delay_ms(1);
  45   4                         L2 = 1;
  46   4                 }
  47   3               }
  48   2         }
  49   1       }
  50           


MODULE INFORMATION:   STATIC OVERLAYABLE
   CODE SIZE        =    169    ----
   CONSTANT SIZE    =     10    ----
C51 COMPILER V9.01   LED_7                                                                 10/01/2018 21:54:46 PAGE 2   

   XDATA SIZE       =   ----    ----
   PDATA SIZE       =   ----    ----
   DATA SIZE        =     14    ----
   IDATA SIZE       =   ----    ----
   BIT SIZE         =   ----    ----
   EDATA SIZE       =   ----    ----
   HDATA SIZE       =   ----    ----
   XDATA CONST SIZE =   ----    ----
   FAR CONST SIZE   =   ----    ----
END OF MODULE INFORMATION.


C51 COMPILATION COMPLETE.  0 WARNING(S),  0 ERROR(S)
