C51 COMPILER V9.01   MAIN                                                                  07/06/2019 22:16:32 PAGE 1   


C51 COMPILER V9.01, COMPILATION OF MODULE MAIN
OBJECT MODULE PLACED IN main.OBJ
COMPILER INVOKED BY: D:\PROGRAM\Keil\C51\BIN\C51.EXE main.c OMF2 BROWSE DEBUG

line level    source

   1          #include "main.h"
   2          #include "delay.h"
   3          #include "UartMode1.h"
   4          
   5          sbit BTN1 = P1^0; 
   6          sbit BTN2 = P1^1; 
   7          sbit BTN3 = P1^2; 
   8          void main()
   9          {
  10   1        Uart_Init();
  11   1        while(1)
  12   1        {
  13   2          if( BTN1 == 0)
  14   2              {
  15   3                while(BTN1 == 0);
  16   3                Uart_Write('a');
  17   3              }
  18   2              if( BTN2 == 0)
  19   2              {
  20   3                while(BTN2 == 0);
  21   3                Uart_Write('b');
  22   3              }
  23   2              if( BTN3 == 0)
  24   2              {
  25   3                while(BTN3 == 0);
  26   3                Uart_Write('c');
  27   3              }
  28   2        }
  29   1      }


MODULE INFORMATION:   STATIC OVERLAYABLE
   CODE SIZE        =     38    ----
   CONSTANT SIZE    =   ----    ----
   XDATA SIZE       =   ----    ----
   PDATA SIZE       =   ----    ----
   DATA SIZE        =   ----    ----
   IDATA SIZE       =   ----    ----
   BIT SIZE         =   ----    ----
   EDATA SIZE       =   ----    ----
   HDATA SIZE       =   ----    ----
   XDATA CONST SIZE =   ----    ----
   FAR CONST SIZE   =   ----    ----
END OF MODULE INFORMATION.


C51 COMPILATION COMPLETE.  0 WARNING(S),  0 ERROR(S)
