C51 COMPILER V9.01   LCD_16X2                                                              11/06/2018 10:40:11 PAGE 1   


C51 COMPILER V9.01, COMPILATION OF MODULE LCD_16X2
OBJECT MODULE PLACED IN LCD_16x2.OBJ
COMPILER INVOKED BY: D:\Keil C\C51\BIN\C51.EXE LCD_16x2.c BROWSE DEBUG OBJECTEXTEND

line level    source

   1            #include <main.h>
   2            #include <..\library\delay.h>
   3            #include <lcd8.h>
*** WARNING C318 IN LINE 3 OF LCD_16x2.c: can't open file 'lcd8.h'
   4          
   5          
   6            void LCD_Cmd(unsigned char Cmd ) //ham gui lenh
   7            {
   8   1              LCD_RS = 0;
   9   1              LCD_DATA = Cmd;
  10   1              LCD_EN = 0;
  11   1              LCD_EN = 1;
  12   1              if(Cmd <= 0x02) delay(2); else delay(1);
  13   1        }
  14            void LCD_chr_cp(char c)  //xuat ra 1 ki tu tai vi tri con tro, cp: current position : vi tri con tro
  15            {
  16   1          LCD_RS = 1;
  17   1              LCD_DATA = c;
  18   1              LCD_EN = 0;
  19   1              LCD_EN = 1;
  20   1              delay(1);  
  21   1        }
  22            void LCD_chr(unsigned char row, unsigned char col, char c)
  23            {
  24   1          unsigned char cmd;
  25   1              cmd = (row==1?0x80:0xC0) + col-1;
  26   1              LCD_Cmd(cmd);
  27   1              LCD_chr_cp(c);
  28   1        }
  29            void LCD_Out_cp(char *str)
  30            {
  31   1          unsigned char i = 0;
  32   1              while(str[i]!=0)
  33   1              {
  34   2                LCD_chr_cp(str[i]);
  35   2                i++;
  36   2              }  
  37   1        }
  38            void LCD_out(unsigned char row, unsigned char col, char *str)
  39            {
  40   1          unsigned char cmd;
  41   1              cmd = (row==1?0x80:0xC0) + col-1;
  42   1              LCD_Cmd(cmd);
  43   1              LCD_Out_cp(str);
  44   1        }
  45            void LCD_Init()
  46            {
  47   1          LCD_Cmd(0x30);
  48   1              delay(5);
  49   1              LCD_Cmd(0x30);
  50   1              delay(1);
  51   1              LCD_Cmd(0x30);
  52   1      
  53   1              LCD_Cmd(0x38); // so dong hien thi la 2
  54   1      
C51 COMPILER V9.01   LCD_16X2                                                              11/06/2018 10:40:11 PAGE 2   

  55   1              LCD_Cmd(0x01); // xoa man hinh
  56   1              LCD_Cmd(0x0C);  // bat hien thi xoa con tro
  57   1        }                                                                               
  58            void main()
  59            {
  60   1          LCD_Init();
  61   1              LCD_out(1,1,".......LOZ DAT 09.......");
  62   1              
  63   1              
  64   1              
  65   1          while(1)
  66   1              {
  67   2                delay(500);
  68   2                LCD_Cmd(0x18);
  69   2              }
  70   1        }


MODULE INFORMATION:   STATIC OVERLAYABLE
   CODE SIZE        =    204    ----
   CONSTANT SIZE    =     25    ----
   XDATA SIZE       =   ----    ----
   PDATA SIZE       =   ----    ----
   DATA SIZE        =   ----       8
   IDATA SIZE       =   ----    ----
   BIT SIZE         =   ----    ----
END OF MODULE INFORMATION.


C51 COMPILATION COMPLETE.  1 WARNING(S),  0 ERROR(S)
