C51 COMPILER V9.01   MAIN                                                                  07/06/2019 22:21:58 PAGE 1   


C51 COMPILER V9.01, COMPILATION OF MODULE MAIN
OBJECT MODULE PLACED IN main.OBJ
COMPILER INVOKED BY: D:\PROGRAM\Keil\C51\BIN\C51.EXE main.c OMF2 BROWSE DEBUG

line level    source

   1          #include "main.h"
   2          #include "delay.h"
   3          #include "UartMode1.h"
   4          
   5          
   6          void main()
   7          {
   8   1        Uart_Init();
   9   1        ES = 1;
  10   1        EA = 1;
  11   1        P1 = 0x00;
  12   1        while(1)
  13   1        { 
  14   2      
  15   2        }
  16   1      }
  17          void ngat() interrupt 4
  18          {
  19   1        static unsigned char c = 0;
  20   1        c = Uart_Read(); 
  21   1        EA = 0; 
  22   1        switch(c)
  23   1        {
  24   2          case 'a':
  25   2                P1_0 = !P1_0;
  26   2                break;
  27   2              case 'b':
  28   2                P1_1 = !P1_1;
  29   2                break;
  30   2              case 'c':
  31   2                P1_2 = !P1_2;
  32   2                break;
  33   2              default: break;
  34   2        }
  35   1        c = 0;
  36   1        SBUF = 0x00;
  37   1        EA = 1; 
  38   1      }


MODULE INFORMATION:   STATIC OVERLAYABLE
   CODE SIZE        =    109    ----
   CONSTANT SIZE    =   ----    ----
   XDATA SIZE       =   ----    ----
   PDATA SIZE       =   ----    ----
   DATA SIZE        =      1    ----
   IDATA SIZE       =   ----    ----
   BIT SIZE         =   ----    ----
   EDATA SIZE       =   ----    ----
   HDATA SIZE       =   ----    ----
   XDATA CONST SIZE =   ----    ----
   FAR CONST SIZE   =   ----    ----
END OF MODULE INFORMATION.


C51 COMPILATION COMPLETE.  0 WARNING(S),  0 ERROR(S)
