C51 COMPILER V9.01   LM35                                                                  01/13/2019 10:47:18 PAGE 1   


C51 COMPILER V9.01, COMPILATION OF MODULE LM35
OBJECT MODULE PLACED IN lm35.OBJ
COMPILER INVOKED BY: D:\Keil C\C51\BIN\C51.EXE lm35.c OMF2 BROWSE DEBUG

line level    source

   1             #include <main.h>
   2             #include <delay.h>
   3             #include <LCD4.h>
   4            void ADC0808_Init()
   5          {
   6   1              STA = 0;
   7   1              ALE = 0;
   8   1              OE = 0; 
   9   1      }
  10            unsigned char ADC0808_Read(unsigned char channel)
  11          {
  12   1              unsigned char kq;
  13   1      
  14   1              PA = channel & 0x01;
  15   1              PB = channel & 0x02;
  16   1              PC = channel & 0x04;
  17   1      
  18   1              ALE = 1;
  19   1              STA = 1;
  20   1              ALE = 0;
  21   1              STA = 0;
  22   1      
  23   1              while(EOC);
  24   1              while(EOC);
  25   1      
  26   1              OE = 1;
  27   1              kq = ADC0808_DATA;
  28   1              OE = 0;
  29   1      
  30   1              return kq;
  31   1      }
  32            void main()
  33            {
  34   1          unsigned char adc_value;
  35   1              unsigned char t;
  36   1      
  37   1              ADC0808_Init();
  38   1              Lcd_Init();
  39   1      
  40   1              //Lcd_Out(1,1,"Hello ");
  41   1              Lcd_Out(1,1,"Nhiet do: ");
  42   1              while(1)
  43   1              {
  44   2                adc_value = ADC0808_Read(2);
  45   2                t = adc_value*1.961f + 0.5f;
  46   2                Lcd_Chr(1,10,t/100+0x30);
  47   2                Lcd_Chr_Cp(t%100/10+0x30);
  48   2                Lcd_Chr_Cp(t%10+0x30);
  49   2                Lcd_Chr(2,1,adc_value/100+0x30);
  50   2                Lcd_Chr_Cp(adc_value%100/10+0x30);
  51   2                Lcd_Chr_Cp(adc_value%10+0x30);
  52   2            delay_ms(500);     
  53   2              }
  54   1        }
  55            
C51 COMPILER V9.01   LM35                                                                  01/13/2019 10:47:18 PAGE 2   



MODULE INFORMATION:   STATIC OVERLAYABLE
   CODE SIZE        =    204    ----
   CONSTANT SIZE    =     11    ----
   XDATA SIZE       =   ----    ----
   PDATA SIZE       =   ----    ----
   DATA SIZE        =   ----       2
   IDATA SIZE       =   ----    ----
   BIT SIZE         =   ----    ----
   EDATA SIZE       =   ----    ----
   HDATA SIZE       =   ----    ----
   XDATA CONST SIZE =   ----    ----
   FAR CONST SIZE   =   ----    ----
END OF MODULE INFORMATION.


C51 COMPILATION COMPLETE.  0 WARNING(S),  0 ERROR(S)
