C51 COMPILER V9.01   VDK                                                                   11/28/2018 08:35:28 PAGE 1   


C51 COMPILER V9.01, COMPILATION OF MODULE VDK
OBJECT MODULE PLACED IN vdk.OBJ
COMPILER INVOKED BY: D:\Keil C\C51\BIN\C51.EXE vdk.c OMF2 BROWSE DEBUG

line level    source

   1           #include <main.h>
   2           #include "..\library\delay.h"
   3           #include "E:\file Keil C\AT89S52\library\UARTmode1.h"
   4          
   5           void main()
   6           { 
   7   1         UART_Init();
   8   1         while(1)
   9   1         {
  10   2           if(BTN_ON==0)
  11   2               {
  12   3                 delay(20);
  13   3                 UART_write(0x01);
  14   3                 while(BTN_ON==0);
  15   3               }
  16   2                if(BTN_OFF==0)
  17   2               {
  18   3                 delay(20);
  19   3                 UART_write(0x00);
  20   3                 while(BTN_OFF==0);
  21   3               }
  22   2         }
  23   1       }


MODULE INFORMATION:   STATIC OVERLAYABLE
   CODE SIZE        =     41    ----
   CONSTANT SIZE    =   ----    ----
   XDATA SIZE       =   ----    ----
   PDATA SIZE       =   ----    ----
   DATA SIZE        =   ----    ----
   IDATA SIZE       =   ----    ----
   BIT SIZE         =   ----    ----
   EDATA SIZE       =   ----    ----
   HDATA SIZE       =   ----    ----
   XDATA CONST SIZE =   ----    ----
   FAR CONST SIZE   =   ----    ----
END OF MODULE INFORMATION.


C51 COMPILATION COMPLETE.  0 WARNING(S),  0 ERROR(S)
