C51 COMPILER V9.01   LEDSANGTAT                                                            01/31/2019 23:35:04 PAGE 1   


C51 COMPILER V9.01, COMPILATION OF MODULE LEDSANGTAT
OBJECT MODULE PLACED IN ledsangtat.OBJ
COMPILER INVOKED BY: D:\Keil C\C51\BIN\C51.EXE ledsangtat.c BROWSE DEBUG OBJECTEXTEND

line level    source

   1           #include <AT89x52.h>
   2           void delay_ms(unsigned int t);
   3           int i;
   4           void main()
   5           {
   6   1         TMOD = 0x01;
   7   1         while(1)
   8   1         {
   9   2           P0 = P1 = P2 = P3 = 0x55;
  10   2               delay_ms(500);
  11   2               P0 = P1 = P2 = P3 = 0xAA;
  12   2               delay_ms(500);
  13   2         }
  14   1       }
  15           void delay_ms(unsigned int t)
  16           {
  17   1         unsigned int x;
  18   1         for(x=0;x<t;x++)
  19   1         {
  20   2           TL0 = 18;
  21   2               TH0 = 0xFC;
  22   2               TR0 = 1;
  23   2               while(!TF0);
  24   2               TF0 = 0;
  25   2               TR0 = 0;
  26   2         }
  27   1       }


MODULE INFORMATION:   STATIC OVERLAYABLE
   CODE SIZE        =     76    ----
   CONSTANT SIZE    =   ----    ----
   XDATA SIZE       =   ----    ----
   PDATA SIZE       =   ----    ----
   DATA SIZE        =      2    ----
   IDATA SIZE       =   ----    ----
   BIT SIZE         =   ----    ----
END OF MODULE INFORMATION.


C51 COMPILATION COMPLETE.  0 WARNING(S),  0 ERROR(S)
