C51 COMPILER V9.01   NGAT_TIMER                                                            08/19/2018 21:51:49 PAGE 1   


C51 COMPILER V9.01, COMPILATION OF MODULE NGAT_TIMER
OBJECT MODULE PLACED IN Ngat_timer.OBJ
COMPILER INVOKED BY: D:\keil c\C51\BIN\C51.EXE Ngat_timer.c BROWSE DEBUG OBJECTEXTEND

line level    source

   1            #include <main.h>
   2            #include <..\library\delay.h>
   3          
   4           
   5            void main()
   6            {
   7   1         TMOD = 0x01;
   8   1         EX0 = 1;      // cho phep ngat ngoai 0
   9   1         IT0 = 0;
  10   1         TR0 = 1;
  11   1         EA = 1;       // cho phep ngat toan cuc
  12   1          while(1)
  13   1              {
  14   2                       P2 = 0x00;
  15   2                       delay(500);
  16   2                       P2 = 0xFF;
  17   2                       delay(500);
  18   2              }
  19   1        }
  20            void ngat() interrupt 0
  21            {
  22   1          long a = 50000;
  23   1              P1_3 = 0;
  24   1              while(a--); //delay(50000)
  25   1              P1_3 = 1;
  26   1        }


MODULE INFORMATION:   STATIC OVERLAYABLE
   CODE SIZE        =     94    ----
   CONSTANT SIZE    =   ----    ----
   XDATA SIZE       =   ----    ----
   PDATA SIZE       =   ----    ----
   DATA SIZE        =   ----       4
   IDATA SIZE       =   ----    ----
   BIT SIZE         =   ----    ----
END OF MODULE INFORMATION.


C51 COMPILATION COMPLETE.  0 WARNING(S),  0 ERROR(S)
