C51 COMPILER V9.01   UART_74HC165                                                          09/02/2018 00:12:31 PAGE 1   


C51 COMPILER V9.01, COMPILATION OF MODULE UART_74HC165
OBJECT MODULE PLACED IN UART_74HC165.OBJ
COMPILER INVOKED BY: D:\keil c\C51\BIN\C51.EXE UART_74HC165.c BROWSE DEBUG OBJECTEXTEND

line level    source

   1           #include <main.h>
   2           #include "..\library\delay.h"
   3          
   4           void main()
   5           {
   6   1         while(1)
   7   1         {
   8   2           delay(1);
   9   2         }
  10   1       }


MODULE INFORMATION:   STATIC OVERLAYABLE
   CODE SIZE        =      9    ----
   CONSTANT SIZE    =   ----    ----
   XDATA SIZE       =   ----    ----
   PDATA SIZE       =   ----    ----
   DATA SIZE        =   ----    ----
   IDATA SIZE       =   ----    ----
   BIT SIZE         =   ----    ----
END OF MODULE INFORMATION.


C51 COMPILATION COMPLETE.  0 WARNING(S),  0 ERROR(S)
