C51 COMPILER V9.01   HC595VSLED7                                                           04/25/2018 23:55:15 PAGE 1   


C51 COMPILER V9.01, COMPILATION OF MODULE HC595VSLED7
OBJECT MODULE PLACED IN HC595vsLED7.OBJ
COMPILER INVOKED BY: D:\keil c\C51\BIN\C51.EXE HC595vsLED7.c BROWSE DEBUG OBJECTEXTEND

line level    source

   1                           #include <REGX52.H>
   2                           unsigned char ma[] = {0xC0, 0xF9, 0xA4, 0xB0, 0x99, 0x92, 0x82, 0xF8, 0x80, 0x90};
   3                           unsigned char i, t;
   4                           void delay(unsigned int t)
   5                           {
   6   1                         unsigned int x, y;
   7   1                         for(x = 0; x < t; x++)
   8   1                         for(y = 0; y < 123; y++);
   9   1                       }
  10                           void main()
  11                           {
  12   1                         P0 = 0xFF;
  13   1                         P1 = 0XFF;
  14   1                         while(1)
  15   1                         {
  16   2                           for(i = 0; i < 100; i++)
  17   2                               {
  18   3                                 P0 = ma[i/10];
  19   3                                 P1 = ma[i%10];
  20   3                                 delay(500);
  21   3                                 
  22   3                               }
  23   2                         }
  24   1                       }


MODULE INFORMATION:   STATIC OVERLAYABLE
   CODE SIZE        =     85    ----
   CONSTANT SIZE    =   ----    ----
   XDATA SIZE       =   ----    ----
   PDATA SIZE       =   ----    ----
   DATA SIZE        =     12    ----
   IDATA SIZE       =   ----    ----
   BIT SIZE         =   ----    ----
END OF MODULE INFORMATION.


C51 COMPILATION COMPLETE.  0 WARNING(S),  0 ERROR(S)
