C51 COMPILER V9.01   CHUYENHIEUUNGBANGBUTTON                                               05/11/2018 01:46:50 PAGE 1   


C51 COMPILER V9.01, COMPILATION OF MODULE CHUYENHIEUUNGBANGBUTTON
OBJECT MODULE PLACED IN chuyenhieuungbangbutton.OBJ
COMPILER INVOKED BY: D:\keil c\C51\BIN\C51.EXE chuyenhieuungbangbutton.c BROWSE DEBUG OBJECTEXTEND

line level    source

   1                             #include <main.h>
   2                             #include "E:\file Keil C\AT89S52\library\delay.h"
   3          
   4                             sbit BTN = P1^0;
   5                             #define LED P2
   6          
   7                             bit pressedflag = 0;
   8          
   9                             unsigned char delayvakiemtraphim()
  10                             {  
  11   1                           unsigned int i;
  12   1                               for(i = 0; i < 50; i++)
  13   1                               {  
  14   2                                 delay(10);
  15   2                                 if(BTN == 0)
  16   2                                 {  
  17   3                                   if(pressedflag == 0)
  18   3                                       { 
  19   4                                         pressedflag = 1;
  20   4                                         return 1;
  21   4                                         
  22   4                                         break;
  23   4                                       }
  24   3                                       else pressedflag = 0;
  25   3                                 }
  26   2                               }
  27   1                               return 0;
  28   1                         }
  29                             void main()
  30                             {
  31   1                           while(1)
  32   1                               { 
  33   2                                        unsigned int i;
  34   2                                        while(BTN==0);
  35   2                                        LED = 0xFF;
  36   2                                        for(i=0; i<20; i++)
  37   2                                        { 
  38   3                                             if(delayvakiemtraphim()) break;
  39   3                                                 LED = ~LED;
  40   3                                        }
  41   2      
  42   2                                        while(BTN==0);
  43   2                                        LED = 0x55;
  44   2                                        for(i=0; i<20; i++)
  45   2                                        { 
  46   3                                             if(delayvakiemtraphim()) break;
  47   3                                                 LED = ~LED;
  48   3                                                 
  49   3                                        }
  50   2                                        while(BTN==0);
  51   2                                        LED = 0x0F;
  52   2                                        for(i=0; i<20; i++)
  53   2                                        { 
  54   3                                             if(delayvakiemtraphim()) break;
  55   3                                                 LED = ~LED;
C51 COMPILER V9.01   CHUYENHIEUUNGBANGBUTTON                                               05/11/2018 01:46:50 PAGE 2   

  56   3                                                 
  57   3                                        }
  58   2                               }
  59   1                         }


MODULE INFORMATION:   STATIC OVERLAYABLE
   CODE SIZE        =    160    ----
   CONSTANT SIZE    =   ----    ----
   XDATA SIZE       =   ----    ----
   PDATA SIZE       =   ----    ----
   DATA SIZE        =   ----       4
   IDATA SIZE       =   ----    ----
   BIT SIZE         =      1    ----
END OF MODULE INFORMATION.


C51 COMPILATION COMPLETE.  0 WARNING(S),  0 ERROR(S)
