C51 COMPILER V9.01   8_THIET_BI                                                            01/29/2019 22:55:25 PAGE 1   


C51 COMPILER V9.01, COMPILATION OF MODULE 8_THIET_BI
OBJECT MODULE PLACED IN 8_thiet_bi.OBJ
COMPILER INVOKED BY: D:\Keil C\C51\BIN\C51.EXE 8_thiet_bi.c OMF2 BROWSE DEBUG

line level    source

   1           #include <main.h>
   2           #include <stdio.h>
   3           #include "delay.h"
   4          
   5           void main()
   6           {
   7   1         unsigned char cmd;
   8   1         SCON = 0x50;
   9   1         TMOD = 0x20;
  10   1         TH1 = 0xFD;
  11   1         TR1 = 1;
  12   1         TI = 1;
  13   1         P1 = 0x55; 
  14   1         while(1)
  15   1         {
  16   2           cmd = _getkey();
  17   2               P2 = ~cmd;
  18   2         }
  19   1       }


MODULE INFORMATION:   STATIC OVERLAYABLE
   CODE SIZE        =     25    ----
   CONSTANT SIZE    =   ----    ----
   XDATA SIZE       =   ----    ----
   PDATA SIZE       =   ----    ----
   DATA SIZE        =   ----    ----
   IDATA SIZE       =   ----    ----
   BIT SIZE         =   ----    ----
   EDATA SIZE       =   ----    ----
   HDATA SIZE       =   ----    ----
   XDATA CONST SIZE =   ----    ----
   FAR CONST SIZE   =   ----    ----
END OF MODULE INFORMATION.


C51 COMPILATION COMPLETE.  0 WARNING(S),  0 ERROR(S)
