C51 COMPILER V9.01   BAI_KT                                                                10/30/2018 22:04:07 PAGE 1   


C51 COMPILER V9.01, COMPILATION OF MODULE BAI_KT
OBJECT MODULE PLACED IN Bai_kt.OBJ
COMPILER INVOKED BY: D:\Keil C\C51\BIN\C51.EXE Bai_kt.c BROWSE DEBUG OBJECTEXTEND

line level    source

   1           #include <main.h>
   2          
   3           unsigned int a, b, c;
   4           void hien_s(unsigned int a, b, c);
   5           void hien_c(unsigned int a, b, c);
   6           void main()
   7           {
   8   1         while(1)
   9   1         {
  10   2           if(BTN1==0) a = 1; else a = 0;
  11   2               if(BTN2==0) b = 1; else b = 0;
  12   2               if(BTN3==0) c = 1; else c = 0;
  13   2               hien_s(a, b, c);
  14   2               hien_c(a, b, c); 
  15   2         }
  16   1       }
  17           void hien_c(unsigned int a, b, c)
  18           {
  19   1         led2 = !((a&b)|(a&c)|(b&c));
  20   1       }
  21           void hien_s(unsigned int a, b, c)
  22           {
  23   1         led1 = !((((!a&b)|(a&!b))&!c)|(!((!a&b)|(a&!b))&c));
  24   1       }


MODULE INFORMATION:   STATIC OVERLAYABLE
   CODE SIZE        =    250    ----
   CONSTANT SIZE    =   ----    ----
   XDATA SIZE       =   ----    ----
   PDATA SIZE       =   ----    ----
   DATA SIZE        =      6       8
   IDATA SIZE       =   ----    ----
   BIT SIZE         =   ----    ----
END OF MODULE INFORMATION.


C51 COMPILATION COMPLETE.  0 WARNING(S),  0 ERROR(S)
