C51 COMPILER V9.01   A4988                                                                 03/18/2019 16:27:34 PAGE 1   


C51 COMPILER V9.01, COMPILATION OF MODULE A4988
OBJECT MODULE PLACED IN A4988.OBJ
COMPILER INVOKED BY: D:\Keil C\C51\BIN\C51.EXE A4988.c BROWSE DEBUG OBJECTEXTEND

line level    source

   1          #include "main.h"
   2          #include "delay.h"
   3          
   4          void main()
   5          {
   6   1        while(1)
   7   1        {
   8   2          delay(20);
   9   2              P0_0 = ~P0_0;
  10   2        }
  11   1      }


MODULE INFORMATION:   STATIC OVERLAYABLE
   CODE SIZE        =     11    ----
   CONSTANT SIZE    =   ----    ----
   XDATA SIZE       =   ----    ----
   PDATA SIZE       =   ----    ----
   DATA SIZE        =   ----    ----
   IDATA SIZE       =   ----    ----
   BIT SIZE         =   ----    ----
END OF MODULE INFORMATION.


C51 COMPILATION COMPLETE.  0 WARNING(S),  0 ERROR(S)
