C51 COMPILER V9.01   IC_7447                                                               07/07/2018 00:15:10 PAGE 1   


C51 COMPILER V9.01, COMPILATION OF MODULE IC_7447
OBJECT MODULE PLACED IN IC_7447.OBJ
COMPILER INVOKED BY: D:\keil c\C51\BIN\C51.EXE IC_7447.c BROWSE DEBUG OBJECTEXTEND

line level    source

   1                  #include <main.h>
   2                  #include <..\library\delay.h>
   3          
   4                  void main()
   5                  {          
   6   1                unsigned int dem = 0;
   7   1                unsigned char tram, chuc, donvi;
   8   1                unsigned char tam;
   9   1                while(1)
  10   1                {
  11   2                    donvi = dem%10;
  12   2                        chuc = (dem%100)/10;
  13   2                        tram = dem/100;
  14   2                        tam = chuc << 4;
  15   2                        tam |= donvi;
  16   2                        P2 = tam;
  17   2                        P3 = tram;
  18   2                        delay(100);
  19   2      
  20   2                        dem++;
  21   2                        dem%=1000;
  22   2                }
  23   1              }


MODULE INFORMATION:   STATIC OVERLAYABLE
   CODE SIZE        =    105    ----
   CONSTANT SIZE    =   ----    ----
   XDATA SIZE       =   ----    ----
   PDATA SIZE       =   ----    ----
   DATA SIZE        =   ----       6
   IDATA SIZE       =   ----    ----
   BIT SIZE         =   ----    ----
END OF MODULE INFORMATION.


C51 COMPILATION COMPLETE.  0 WARNING(S),  0 ERROR(S)
