C51 COMPILER V9.01   GIAO_TIEP                                                             01/29/2019 21:56:15 PAGE 1   


C51 COMPILER V9.01, COMPILATION OF MODULE GIAO_TIEP
OBJECT MODULE PLACED IN Giao_tiep.OBJ
COMPILER INVOKED BY: D:\Keil C\C51\BIN\C51.EXE Giao_tiep.c OMF2 BROWSE DEBUG

line level    source

   1           #include <main.h>
   2           #include "delay.h"
   3           #include <stdio.h>
   4          
   5           void main()
   6           {
   7   1         unsigned char c;
   8   1         unsigned char i;
   9   1         SCON = 0x50;
  10   1         TMOD = 0x20;
  11   1         TH1 = 0xFD;
  12   1         TR1 = 1;
  13   1         TI = 1;
  14   1         P1 = 0x55;
  15   1      //   printf("hello work\n");
  16   1      //   putchar('A');
  17   1         i = 255;
  18   1         do
  19   1         {
  20   2           i++;
  21   2               putchar(i);
  22   2         } while(i!=255);
  23   1         while(1)
  24   1         { 
  25   2           c = _getkey();
  26   2               switch(c)
  27   2               { 
  28   3                 case '0':
  29   3                   P2_0 = !P2_0;
  30   3                       break;
  31   3                 case '1':
  32   3                       P2_1 = !P2_1;
  33   3                       break;
  34   3                 default:
  35   3                   break;
  36   3               }
  37   2         }
  38   1       }


MODULE INFORMATION:   STATIC OVERLAYABLE
   CODE SIZE        =     50    ----
   CONSTANT SIZE    =   ----    ----
   XDATA SIZE       =   ----    ----
   PDATA SIZE       =   ----    ----
   DATA SIZE        =   ----       1
   IDATA SIZE       =   ----    ----
   BIT SIZE         =   ----    ----
   EDATA SIZE       =   ----    ----
   HDATA SIZE       =   ----    ----
   XDATA CONST SIZE =   ----    ----
   FAR CONST SIZE   =   ----    ----
END OF MODULE INFORMATION.


C51 COMPILATION COMPLETE.  0 WARNING(S),  0 ERROR(S)
