C51 COMPILER V9.01   MATRAN                                                                10/16/2018 19:19:20 PAGE 1   


C51 COMPILER V9.01, COMPILATION OF MODULE MATRAN
OBJECT MODULE PLACED IN matran.OBJ
COMPILER INVOKED BY: D:\keil c\C51\BIN\C51.EXE matran.c BROWSE DEBUG OBJECTEXTEND

line level    source

   1           #include <main.h>
   2           #include <..\..\library\delay.h>
   3          
   4           unsigned char code code7seg[] = {0xFC, 0x60, 0xDA, 0xF2, 0x66, 0xB6, 0xBE, 0xE0, 0xFE, 0xF6};
   5           unsigned int chuc, donvi;
   6           unsigned char Presskey()
   7           {
   8   1         unsigned char key = 0;
   9   1         h1 = 0;
  10   1         if(c1==0) key = 1;
  11   1         if(c2==0) key = 2;
  12   1         if(c3==0) key = 3;
  13   1         h1 = 1;
  14   1      
  15   1         h2 = 0;
  16   1         if(c1==0) key = 4;
  17   1         if(c2==0) key = 5;
  18   1         if(c3==0) key = 6;
  19   1         h2 = 1;
  20   1      
  21   1         h3 = 0;
  22   1         if(c1==0) key = 7;
  23   1         if(c2==0) key = 8;
  24   1         if(c3==0) key = 9;
  25   1         h3 = 1;
  26   1      
  27   1         return key;
  28   1       }
  29           void time_on(unsigned int dem)
  30           {
  31   1         chuc = dem/10;
  32   1         donvi = dem%10;
  33   1      
  34   1         LED7 = code7seg[chuc];
  35   1         ledchuc = 0;
  36   1         delay(1);
  37   1         ledchuc = 1;
  38   1      
  39   1         LED7 = code7seg[donvi];
  40   1         leddonvi = 0;
  41   1         delay(1);
  42   1         leddonvi = 1;
  43   1       }
  44           void main()
  45           {
  46   1         unsigned int dem;
  47   1         while(1)
  48   1         { 
  49   2           if(Presskey()!=0) dem = Presskey();
  50   2               time_on(dem);
  51   2         }
  52   1       }


MODULE INFORMATION:   STATIC OVERLAYABLE
C51 COMPILER V9.01   MATRAN                                                                10/16/2018 19:19:20 PAGE 2   

   CODE SIZE        =    151    ----
   CONSTANT SIZE    =     10    ----
   XDATA SIZE       =   ----    ----
   PDATA SIZE       =   ----    ----
   DATA SIZE        =      4       2
   IDATA SIZE       =   ----    ----
   BIT SIZE         =   ----    ----
END OF MODULE INFORMATION.


C51 COMPILATION COMPLETE.  0 WARNING(S),  0 ERROR(S)
