C51 COMPILER V9.01   HAM_UART                                                              09/02/2018 00:02:13 PAGE 1   


C51 COMPILER V9.01, COMPILATION OF MODULE HAM_UART
OBJECT MODULE PLACED IN Ham_UART.OBJ
COMPILER INVOKED BY: D:\keil c\C51\BIN\C51.EXE Ham_UART.c OMF2 BROWSE DEBUG

line level    source

   1            #include "main.h"
   2            #include "..\library\delay.h"
   3            #include "..\library\UARTmode1.h"
   4            #include <stdio.h>
   5          
   6            void main()
   7            {
   8   1          UART_Init();
   9   1              putchar('A');
  10   1              printf(" \r hello work ");
  11   1          while(1)
  12   1              {
  13   2              }
  14   1        }


MODULE INFORMATION:   STATIC OVERLAYABLE
   CODE SIZE        =     19    ----
   CONSTANT SIZE    =     15    ----
   XDATA SIZE       =   ----    ----
   PDATA SIZE       =   ----    ----
   DATA SIZE        =   ----    ----
   IDATA SIZE       =   ----    ----
   BIT SIZE         =   ----    ----
   EDATA SIZE       =   ----    ----
   HDATA SIZE       =   ----    ----
   XDATA CONST SIZE =   ----    ----
   FAR CONST SIZE   =   ----    ----
END OF MODULE INFORMATION.


C51 COMPILATION COMPLETE.  0 WARNING(S),  0 ERROR(S)
