C51 COMPILER V9.01   LED_7_VS2                                                             10/02/2018 22:32:03 PAGE 1   


C51 COMPILER V9.01, COMPILATION OF MODULE LED_7_VS2
OBJECT MODULE PLACED IN Led_7_vs2.OBJ
COMPILER INVOKED BY: D:\keil c\C51\BIN\C51.EXE Led_7_vs2.c BROWSE DEBUG OBJECTEXTEND

line level    source

   1            #include <AT89x52.h>
   2            unsigned char code code7seg[] = {0xFC, 0x60, 0xDA, 0xF2, 0x66, 0xB6, 0xBE, 0xE0, 0xFE, 0xF6};
   3            void delay(long k);
   4            void main()
   5            {
   6   1          unsigned int i;
   7   1          while(1)
   8   1              {
   9   2                for(i = 9; i > 0; i--)
  10   2                {
  11   3                  P0 = code7seg[i];
  12   3                      delay(500);
  13   3                }
  14   2              }
  15   1        }
  16            void delay(long k )
  17            {
  18   1          unsigned int x;
  19   1          for(x = 0; x < k ;x++)
  20   1              {
  21   2                  TMOD = 0x01;
  22   2                      TH0 = 0xFC;
  23   2                      TL0 = 0x18;
  24   2                      TF0 = 0;
  25   2                      TR0 = 1;
  26   2                      while(!TF0);
  27   2                      TF0 = 0;
  28   2                      TR0 = 0;  
  29   2              }
  30   1        }


MODULE INFORMATION:   STATIC OVERLAYABLE
   CODE SIZE        =    102    ----
   CONSTANT SIZE    =     10    ----
   XDATA SIZE       =   ----    ----
   PDATA SIZE       =   ----    ----
   DATA SIZE        =   ----       6
   IDATA SIZE       =   ----    ----
   BIT SIZE         =   ----    ----
END OF MODULE INFORMATION.


C51 COMPILATION COMPLETE.  0 WARNING(S),  0 ERROR(S)
