C51 COMPILER V9.01   DEN_DO                                                                07/25/2018 00:55:48 PAGE 1   


C51 COMPILER V9.01, COMPILATION OF MODULE DEN_DO
OBJECT MODULE PLACED IN den_do.OBJ
COMPILER INVOKED BY: D:\keil c\C51\BIN\C51.EXE den_do.c BROWSE DEBUG OBJECTEXTEND

line level    source

   1            #include <main.h>
   2            #include <..\library\delay.h>
   3          
   4            unsigned char code code7seg[10] = {0xC0, 0xF9, 0xA4, 0xB0, 0x99, 0x92, 0x82, 0xF8, 0x80, 0x90};
   5            unsigned char i;
   6            void Time_run(unsigned char number)
   7            {
   8   1          unsigned char i;
   9   1          for(i=number;i>00;i--)
  10   1                {
  11   2                  LEDchuc = code7seg[i/10];
  12   2                      LEDdonvi = code7seg[i%10];
  13   2                      delay(500);
  14   2                }
  15   1                LEDchuc = 0xC0;
  16   1            LEDdonvi = 0xC0;
  17   1                delay(500);
  18   1        }
  19            void Time_on(unsigned char number)
  20            {
  21   1          LEDchuc = code7seg[number/10];
  22   1              LEDdonvi = code7seg[number%10];
  23   1        }
  24            void color()
  25            {
  26   1           int i;
  27   1               for(i=0;i<3;i++)
  28   1               {
  29   2           Time_on(0);
  30   2               LED_do = 0;
  31   2               LED_vang = 0;
  32   2               LED_xanh = 0;
  33   2               delay(500);
  34   2               Time_on(0);
  35   2               LED_do = 1;
  36   2               LED_vang = 1;
  37   2               LED_xanh = 1;
  38   2               delay(500);
  39   2               }
  40   1        }
  41            void main()
  42            {
  43   1          unsigned char time_do, time_vang, time_xanh;
  44   1              time_do = time_vang = time_xanh = 0;
  45   1          P0_0 = 0;
  46   1              P0_1 = 0;
  47   1              while(1)
  48   1              {
  49   2           while(1)
  50   2               {
  51   3                 LED_do = 0;
  52   3                 LED_vang = 1;
  53   3                 LED_xanh = 1;
  54   3                 Time_on(time_do);
  55   3                 if(BTN_up == 0 )
C51 COMPILER V9.01   DEN_DO                                                                07/25/2018 00:55:48 PAGE 2   

  56   3                 {
  57   4                   while(BTN_up == 0 ) Time_on(time_do);
  58   4                       if(time_do == 59) time_do = 0; else time_do++;
  59   4                 }
  60   3                 if(BTN_down == 0)
  61   3                 {
  62   4                   while(BTN_down == 0 ) Time_on(time_do);
  63   4                       if(time_do == 0) time_do = 59; else time_do--;
  64   4                 }
  65   3                 if(BTN_next == 0) 
  66   3                 {
  67   4                   while(BTN_next == 0) Time_on(time_do);
  68   4                       break;
  69   4                 }
  70   3                 if(BTN_start == 0) 
  71   3                 {
  72   4                   color();
  73   4                       goto here;
  74   4                 }
  75   3            }
  76   2                 while(1)
  77   2               {
  78   3                 LED_do = 1;
  79   3                 LED_vang = 0;
  80   3                 LED_xanh = 1;
  81   3                 Time_on(time_vang);
  82   3                 if(BTN_up == 0 )
  83   3                 {
  84   4                   while(BTN_up == 0 ) Time_on(time_vang);
  85   4                       if(time_vang == 59) time_vang = 0; else time_vang++;
  86   4                 }
  87   3                 if(BTN_down == 0)
  88   3                 {
  89   4                   while(BTN_down == 0 ) Time_on(time_vang);
  90   4                       if(time_vang == 0) time_vang = 59; else time_vang--;
  91   4                 }
  92   3                 if(BTN_next == 0)
  93   3                 {
  94   4                   while(BTN_next == 0) Time_on(time_vang);
  95   4                       break;
  96   4                 }
  97   3                 if(BTN_start == 0) 
  98   3                 {
  99   4                   color();
 100   4                       goto here;
 101   4                 }
 102   3            }
 103   2                while(1)
 104   2               {
 105   3                 LED_do = 1;
 106   3                 LED_vang = 1;
 107   3                 LED_xanh = 0;
 108   3                 Time_on(time_xanh);
 109   3                 if(BTN_up == 0 )
 110   3                 {
 111   4                   while(BTN_up == 0 ) Time_on(time_xanh);
 112   4                       if(time_xanh == 59) time_xanh = 0; else time_xanh++;
 113   4                 }
 114   3                 if(BTN_down == 0)
 115   3                 {
 116   4                   while(BTN_down == 0 ) Time_on(time_xanh);
 117   4                       if(time_xanh == 0) time_xanh = 59; else time_xanh--;
C51 COMPILER V9.01   DEN_DO                                                                07/25/2018 00:55:48 PAGE 3   

 118   4                 }
 119   3                 if(BTN_next == 0) 
 120   3                 {
 121   4                   while(BTN_next == 0) Time_on(time_xanh);
 122   4                       break;
 123   4                 }
 124   3                 if(BTN_start == 0) 
 125   3                 {
 126   4                   color();
 127   4                       goto here;
 128   4                 }
 129   3            }  
 130   2               }
 131   1               here:
 132   1              while(1)
 133   1              {
 134   2                LED_do = 0;
 135   2                LED_vang = 1;
 136   2                LED_xanh = 1;
 137   2                Time_run(time_do);
 138   2                LED_do = 1;
 139   2                LED_vang = 0;
 140   2                LED_xanh = 1;
 141   2                Time_run(time_vang);
 142   2                LED_do = 1;
 143   2                LED_vang = 1;
 144   2                LED_xanh = 0;
 145   2                Time_run(time_xanh);
 146   2                LED_do = 1;
 147   2                LED_vang = 0;
 148   2                LED_xanh = 1;
 149   2                Time_run(time_vang);
 150   2              }
 151   1        }


MODULE INFORMATION:   STATIC OVERLAYABLE
   CODE SIZE        =    427    ----
   CONSTANT SIZE    =     10    ----
   XDATA SIZE       =   ----    ----
   PDATA SIZE       =   ----    ----
   DATA SIZE        =      1       6
   IDATA SIZE       =   ----    ----
   BIT SIZE         =   ----    ----
END OF MODULE INFORMATION.


C51 COMPILATION COMPLETE.  0 WARNING(S),  0 ERROR(S)
