C51 COMPILER V9.01   TAO_SONG_SIN                                                          08/25/2018 22:54:20 PAGE 1   


C51 COMPILER V9.01, COMPILATION OF MODULE TAO_SONG_SIN
OBJECT MODULE PLACED IN Tao_song_sin.OBJ
COMPILER INVOKED BY: D:\keil c\C51\BIN\C51.EXE Tao_song_sin.c BROWSE DEBUG OBJECTEXTEND

line level    source

   1            #include <main.h>
   2            #include "..\library\delay.h"
   3          
   4            unsigned char code DACvalue[] = {127,166,202,230,248,254,248,230,202,166,127,88,52,24,6,0,6,24,52,88};
   5          
   6            void main()
   7            {
   8   1          unsigned int i;
   9   1          while(1)
  10   1              {
  11   2                 for(i=0;i<20;i++)
  12   2                 {
  13   3                   P2 = DACvalue[i];
  14   3                       delay(1);
  15   3                 }
  16   2              }
  17   1        }


MODULE INFORMATION:   STATIC OVERLAYABLE
   CODE SIZE        =     39    ----
   CONSTANT SIZE    =     20    ----
   XDATA SIZE       =   ----    ----
   PDATA SIZE       =   ----    ----
   DATA SIZE        =   ----       2
   IDATA SIZE       =   ----    ----
   BIT SIZE         =   ----    ----
END OF MODULE INFORMATION.


C51 COMPILATION COMPLETE.  0 WARNING(S),  0 ERROR(S)
