C51 COMPILER V9.01   MAY_TINH                                                              09/01/2018 23:43:29 PAGE 1   


C51 COMPILER V9.01, COMPILATION OF MODULE MAY_TINH
OBJECT MODULE PLACED IN May_tinh.OBJ
COMPILER INVOKED BY: D:\keil c\C51\BIN\C51.EXE May_tinh.c OMF2 BROWSE DEBUG

line level    source

   1            #include <main.h>
   2            #include "..\library\delay.h"
   3          
   4            unsigned char KeyPress()
   5           {
   6   1         unsigned char key = 0;
   7   1         Col1 = 0;
   8   1         if(Cow1==0) key = 1;
   9   1         if(Cow2==0) key = 2;
  10   1         if(Cow3==0) key = 3;
  11   1         if(Cow4==0) key = 4; 
  12   1         Col1 = 1;
  13   1      
  14   1         Col2 = 0;
  15   1         if(Cow1==0) key = 5;
  16   1         if(Cow2==0) key = 6;
  17   1         if(Cow3==0) key = 7;
  18   1         if(Cow4==0) key = 8;
  19   1         Col2 = 1;
  20   1      
  21   1         Col3 = 0;
  22   1         if(Cow1==0) key = 9;
  23   1         if(Cow2==0) key = 10;
  24   1         if(Cow3==0) key = 11;
  25   1         if(Cow4==0) key = 12;
  26   1         Col3 = 1;
  27   1      
  28   1         Col4 = 0;
  29   1         if(Cow1==0) key = 13;
  30   1         if(Cow2==0) key = 14;
  31   1         if(Cow3==0) key = 15;
  32   1         if(Cow4==0) key = 16;
  33   1         Col4 = 1;
  34   1      
  35   1         return key;
  36   1       }
  37            void LCD_cmd(unsigned char cmd) //khoi tao LCD
  38            {
  39   1          LCD_RS = 0;
  40   1              LCD_DATA = cmd;
  41   1              LCD_EN = 0;
  42   1              LCD_EN = 1;
  43   1              if(cmd <= 0x02) delay(2);
  44   1              else delay(1);
  45   1        }
  46            void LCD_chr_cp(char c) // ham gui 1 ki tu
  47            {
  48   1          LCD_RS = 1;
  49   1              LCD_DATA = c;
  50   1              LCD_EN = 0;
  51   1              LCD_EN = 1;
  52   1              delay(1);
  53   1        }
  54            void LCD_out_cp(char *str)
  55            {
C51 COMPILER V9.01   MAY_TINH                                                              09/01/2018 23:43:29 PAGE 2   

  56   1          unsigned char i = 0;
  57   1              while(str[i]!=0)
  58   1              {
  59   2                LCD_chr_cp(str[i]);
  60   2                i++;
  61   2              }
  62   1        }
  63            void LCD_Init()
  64            {
  65   1          LCD_cmd(0x30);
  66   1              delay(5);
  67   1              LCD_cmd(0x30);
  68   1              delay(1);
  69   1              LCD_cmd(0x30);
  70   1              LCD_cmd(0x38);
  71   1              LCD_cmd(0x01);
  72   1              LCD_cmd(0x0C);
  73   1        }
  74            void Key_in()
  75            {
  76   1          unsigned char tmp;
  77   1                  delay(20);
  78   1                      switch(KeyPress())
  79   1                      {
  80   2                        case 1: LCD_cmd(0x01); 
  81   2                                break;
  82   2                        case 2: tmp = '1';
  83   2                                break;
  84   2                        case 3: tmp = '4';
  85   2                                break;
  86   2                        case 4: tmp = '7';
  87   2                                break;
  88   2                        case 5: tmp = '0';
  89   2                                break;
  90   2                        case 6: tmp = '2';
  91   2                                break;
  92   2                        case 7: tmp = '5';
  93   2                                break;
  94   2                        case 8: tmp = '8';
  95   2                                break;
  96   2                        case 9: tmp = '=';
  97   2                                break;
  98   2                        case 10: tmp = '3';
  99   2                                break;
 100   2                        case 11: tmp = '6';
 101   2                                break;
 102   2                        case 12: tmp = '9';
 103   2                                break;
 104   2                        case 13: tmp = '/';
 105   2                                break;
 106   2                        case 14: tmp = 'x';
 107   2                                break;
 108   2                        case 15: tmp = '-';
 109   2                                break;
 110   2                        case 16: tmp = '+';
 111   2                                break;
 112   2                        default: break;
 113   2                         
 114   2                      }
 115   1                      while(KeyPress()!=0)
 116   1                      {
 117   2                        LCD_out_cp(tmp);
C51 COMPILER V9.01   MAY_TINH                                                              09/01/2018 23:43:29 PAGE 3   

*** ERROR C214 IN LINE 117 OF MAY_TINH.C: illegal pointer conversion
 118   2                        while(KeyPress()!=0);
 119   2                      } 
 120   1        }
 121          
 122            void main()
 123            {
 124   1              
 125   1              LCD_Init();
 126   1              while(1)
 127   1              {        
 128   2                Key_in();  
 129   2              }
 130   1      
 131   1        }

C51 COMPILATION COMPLETE.  0 WARNING(S),  1 ERROR(S)
