C51 COMPILER V9.01   MAIN                                                                  07/10/2019 20:34:22 PAGE 1   


C51 COMPILER V9.01, COMPILATION OF MODULE MAIN
OBJECT MODULE PLACED IN main.OBJ
COMPILER INVOKED BY: D:\PROGRAM\Keil\C51\BIN\C51.EXE main.c OMF2 BROWSE DEBUG

line level    source

   1          #include "main.h"
   2          #include "delay.h"
   3          
   4          #define step_motor P0
   5          sbit Quangtro = P2^0;
   6          sbit HT1 = P2^1;
   7          sbit HT2 = P2^2;
   8          
   9          unsigned char full_drive_right[4] = {0x09,0x0C, 0x06, 0x03};
  10          unsigned char full_drive_left[4] = {0x03,0x06, 0x0C, 0x09};
  11          unsigned int x, t;
  12          void delay_ms(unsigned int t);
  13          void stepper_motor_right();
  14          void stepper_motor_left();
  15          void main()
  16          {
  17   1        while(1)
  18   1        {
  19   2          if(Quangtro == 1 && HT2 != 0)
  20   2              {
  21   3                stepper_motor_right();
  22   3              }
  23   2              if(Quangtro == 0 && HT1 != 0)
  24   2              {
  25   3                stepper_motor_left();
  26   3              }
  27   2        }
  28   1      }
  29          void delay_ms(unsigned int t)
  30          {
  31   1        for(x=0;x<t;x++)
  32   1        {
  33   2              TMOD = 0x01;
  34   2              TF0 = 0;
  35   2              TH0 = 0xFC;
  36   2              TL0 = 0x18;
  37   2              TR0 = 1;
  38   2              while(!TF0);
  39   2              TR0 = 0;
  40   2              TF0 = 0;
  41   2        }
  42   1      }
  43          void stepper_motor_right()
  44          {
  45   1         while(1)
  46   1         {
  47   2           for(t=0;t<4;t++)
  48   2               {
  49   3                 if(HT2 != 0)
  50   3                 {
  51   4                   step_motor = full_drive_right[t];
  52   4                   delay_ms(3); 
  53   4                 }
  54   3                 if(Quangtro == 0)
  55   3                 {
C51 COMPILER V9.01   MAIN                                                                  07/10/2019 20:34:22 PAGE 2   

  56   4                   stepper_motor_left();
  57   4                 }
  58   3               }
  59   2         }  
  60   1      }
  61          void stepper_motor_left()
  62          {       while(1)
  63   1         {
  64   2           for(t=0;t<4;t++)
  65   2               {
  66   3                 if(HT1 != 0)
  67   3                 {
  68   4                   step_motor = full_drive_left[t];
  69   4                   delay_ms(3);
  70   4                 } 
  71   3                 if(Quangtro == 1)
  72   3                 {
  73   4                   stepper_motor_right();
  74   4             }
  75   3               }
  76   2         }
  77   1      }


MODULE INFORMATION:   STATIC OVERLAYABLE
   CODE SIZE        =    151    ----
   CONSTANT SIZE    =   ----    ----
   XDATA SIZE       =   ----    ----
   PDATA SIZE       =   ----    ----
   DATA SIZE        =     12    ----
   IDATA SIZE       =   ----    ----
   BIT SIZE         =   ----    ----
   EDATA SIZE       =   ----    ----
   HDATA SIZE       =   ----    ----
   XDATA CONST SIZE =   ----    ----
   FAR CONST SIZE   =   ----    ----
END OF MODULE INFORMATION.


C51 COMPILATION COMPLETE.  0 WARNING(S),  0 ERROR(S)
