C51 COMPILER V9.01   MAIN                                                                  12/29/2019 23:38:10 PAGE 1   


C51 COMPILER V9.01, COMPILATION OF MODULE MAIN
OBJECT MODULE PLACED IN main.OBJ
COMPILER INVOKED BY: D:\PROGRAM\Keil4_MinhHaGroup.Com_2 (1)\C51\BIN\C51.EXE main.c OMF2 BROWSE DEBUG

line level    source

   1          #include "main.h"
   2          #include "LCD4.h"
   3          #include "UartMode1.h"
   4          #include "delay.h"
   5          #include <RTX51TNY.H>
   6          
   7          void check_led1();
   8          void check_led2();
   9          void check_led3();
  10          void check_led4();
  11          void check_led5();
  12          void check_led6();
  13          void check_led7();
  14          void check_led8();
  15          
  16          void main()
  17          {
  18   1        
  19   1        // value
  20   1        unsigned char u;
  21   1        // port
  22   1        P1 = 0x00;
  23   1        // chuong trinh con
  24   1        Lcd_Init();
  25   1        Uart_Init();
  26   1        // begin
  27   1        Lcd_Out_Cp("connet...");
  28   1        while(1)
  29   1        {
  30   2            Lcd_gotoxy(1,1);
  31   2                Lcd_Out_Cp("connet...");
  32   2                while(1)
  33   2                {
  34   3                  if(Uart_Data_Ready())
  35   3                      {
  36   4                        u = Uart_Read();
  37   4                        if(u == 's') break;
  38   4                      }
  39   3                }
  40   2                Lcd_Cmd(_LCD_CLEAR);
  41   2                Lcd_Out_Cp("READY...");
  42   2                delay(500);
  43   2                Lcd_Cmd(_LCD_CLEAR);
  44   2                check_led1();
  45   2                check_led2();
  46   2                check_led3();
  47   2                check_led4();
  48   2                check_led5();
  49   2                check_led6();
  50   2                check_led7();
  51   2                check_led8();
  52   2                while(1)
  53   2                {
  54   3                  if(Uart_Data_Ready())
  55   3                      {
C51 COMPILER V9.01   MAIN                                                                  12/29/2019 23:38:10 PAGE 2   

  56   4                        u = Uart_Read();
  57   4                        switch(u)
  58   4                        {
  59   5                          case '0':
  60   5                                P1_0 = ~P1_0;
  61   5                                check_led1();
  62   5                                break;
  63   5                              case '1':
  64   5                                P1_1 = ~P1_1;
  65   5                                check_led2();
  66   5                                break;        
  67   5                              case '2':
  68   5                                P1_2 = ~P1_2;
  69   5                                check_led3();
  70   5                                break;
  71   5                              case '3':
  72   5                                P1_3 = ~P1_3;
  73   5                                check_led4();
  74   5                                break;
  75   5                              case '4':
  76   5                                P1_4 = ~P1_4;
  77   5                                check_led5();
  78   5                                break;
  79   5                              case '5':
  80   5                                P1_5 = ~P1_5;
  81   5                                check_led6();
  82   5                                break;
  83   5                              case '6':
  84   5                                P1_6 = ~P1_6;
  85   5                                check_led7();
  86   5                                break;
  87   5                              case '7':
  88   5                                P1_7 = ~P1_7;
  89   5                                check_led8();
  90   5                                break;
  91   5                              case 'e':
  92   5                                Lcd_Cmd(_LCD_CLEAR);
  93   5                                goto end;
  94   5                          default: break;
  95   5                        }  
  96   4                      }
  97   3                }
  98   2                end:;
  99   2        }
 100   1      }
 101          // LED1
 102          void check_led1()
 103          {
 104   1        if(P1_0)
 105   1        {
 106   2              Lcd_gotoxy(1,1);
 107   2          Lcd_Out_Cp("ON ");
 108   2        }
 109   1        else 
 110   1        {
 111   2          Lcd_gotoxy(1,1);
 112   2          Lcd_Out_Cp("OFF");
 113   2        }
 114   1      }
 115          // LED2
 116          void check_led2()
 117          {
C51 COMPILER V9.01   MAIN                                                                  12/29/2019 23:38:10 PAGE 3   

 118   1        if(P1_1)
 119   1        {
 120   2              Lcd_gotoxy(1,5);
 121   2          Lcd_Out_Cp("ON ");
 122   2        }
 123   1        else 
 124   1        {
 125   2          Lcd_gotoxy(1,5);
 126   2          Lcd_Out_Cp("OFF");
 127   2        }
 128   1      }
 129          // LED3
 130          void check_led3()
 131          {
 132   1        if(P1_2)
 133   1        {
 134   2              Lcd_gotoxy(1,9);
 135   2          Lcd_Out_Cp("ON ");
 136   2        }
 137   1        else 
 138   1        {
 139   2          Lcd_gotoxy(1,9);
 140   2          Lcd_Out_Cp("OFF");
 141   2        }
 142   1      }
 143          // LED4
 144          void check_led4()
 145          {
 146   1        if(P1_3)
 147   1        {
 148   2              Lcd_gotoxy(1,13);
 149   2          Lcd_Out_Cp("ON ");
 150   2        }
 151   1        else 
 152   1        {
 153   2          Lcd_gotoxy(1,13);
 154   2          Lcd_Out_Cp("OFF");
 155   2        }
 156   1      }
 157          // LED5
 158          void check_led5()
 159          {
 160   1        if(P1_4)
 161   1        {
 162   2              Lcd_gotoxy(2,1);
 163   2          Lcd_Out_Cp("ON ");
 164   2        }
 165   1        else 
 166   1        {
 167   2          Lcd_gotoxy(2,1);
 168   2          Lcd_Out_Cp("OFF");
 169   2        }
 170   1      }
 171          // LED6
 172          void check_led6()
 173          {
 174   1        if(P1_5)
 175   1        {
 176   2              Lcd_gotoxy(2,5);
 177   2          Lcd_Out_Cp("ON ");
 178   2        }
 179   1        else 
C51 COMPILER V9.01   MAIN                                                                  12/29/2019 23:38:10 PAGE 4   

 180   1        {
 181   2          Lcd_gotoxy(2,5);
 182   2          Lcd_Out_Cp("OFF");
 183   2        }
 184   1      }
 185          // LED7
 186          void check_led7()
 187          {
 188   1        if(P1_6)
 189   1        {
 190   2              Lcd_gotoxy(2,9);
 191   2          Lcd_Out_Cp("ON ");
 192   2        }
 193   1        else 
 194   1        {
 195   2          Lcd_gotoxy(2,9);
 196   2          Lcd_Out_Cp("OFF");
 197   2        }
 198   1      }
 199          // LED8
 200          void check_led8()
 201          {
 202   1        if(P1_7)
 203   1        {
 204   2              Lcd_gotoxy(2,13);
 205   2          Lcd_Out_Cp("ON ");
 206   2        }
 207   1        else 
 208   1        {
 209   2          Lcd_gotoxy(2,13);
 210   2          Lcd_Out_Cp("OFF");
 211   2        }
 212   1      }


MODULE INFORMATION:   STATIC OVERLAYABLE
   CODE SIZE        =    473    ----
   CONSTANT SIZE    =     27    ----
   XDATA SIZE       =   ----    ----
   PDATA SIZE       =   ----    ----
   DATA SIZE        =   ----       1
   IDATA SIZE       =   ----    ----
   BIT SIZE         =   ----    ----
   EDATA SIZE       =   ----    ----
   HDATA SIZE       =   ----    ----
   XDATA CONST SIZE =   ----    ----
   FAR CONST SIZE   =   ----    ----
END OF MODULE INFORMATION.


C51 COMPILATION COMPLETE.  0 WARNING(S),  0 ERROR(S)
