C51 COMPILER V9.01   CODE_LED_QUAY                                                         09/26/2018 10:08:10 PAGE 1   


C51 COMPILER V9.01, COMPILATION OF MODULE CODE_LED_QUAY
OBJECT MODULE PLACED IN code led quay.OBJ
COMPILER INVOKED BY: D:\keil c\C51\BIN\C51.EXE code led quay.c BROWSE DEBUG OBJECTEXTEND

line level    source

   1          
   2          #include <main.h>
   3          #include "E:\file Keil C\AT89S52\library\delay.h"
   4          #include<stdlib.h>
   5          unsigned char code  mang1[]={   
   6                                                                          0,0,0,0,0, 0,0,0,0,0,      //13
   7                                                                          254, 146, 146, 68, 56, 0,     //Ð
   8                                                                          248, 20, 18, 20, 248, 0,      //A
   9                                                                          0, 130, 254, 130, 0, 0,      //I
  10                                                                          0,0,0,0,0,
  11                                                                          254, 16, 16, 16, 254, 0, //H
  12                                                                          124, 130, 130, 130, 124, 0,   //O
  13                                                                          124, 130, 130, 130, 68, 0,  //C
  14                                                                          0,0,0,0,0,
  15                                                                          124, 130, 162, 194, 124, 64, 0,  //Q       1
  16                                                                          126, 128, 128, 128, 126, 0,   //U
  17                                                                          6, 8, 240, 8, 6, 0,         //Y
  18                                                                          0,0,0,0,0,
  19                                                                          254, 4, 8, 16, 254, 0,  //N
  20                                                                          254, 16, 16, 16, 254, 0, //H
  21                                                                          124, 130, 130, 130, 124, 0,   //O
  22                                                                          254, 4, 8, 16, 254, 0,  //N        13 chu x 6=78+1=79+15=94 ma , 120-94=26/2=13 
  23                                                                                                                                           
  24                                                                          0,0,0,0,0, 0,0,0,0,0, 0,0,0,0,0,0
  25                                                                  };      
  26                                                            
  27          unsigned int i,k=0;
  28          unsigned char j,buoc=0;
  29          void ngat_timer0(void) interrupt 1 using 1
  30          {
  31   1              P0_1=~P0_1;
  32   1              TH0=0xFD;
  33   1              TL0=0x12;
  34   1      }
  35          void ISR0 (void) interrupt 0 using 2
  36          {         
  37   1              TH0=0xFD;
  38   1              TL0=0x12;
  39   1              TR0=1;
  40   1              P0_1=0;
  41   1              switch (buoc)
  42   1              {         
  43   2      //================================================================================================
  44   2                      case 0:   
  45   2                                
  46   2                                      for(i=0;i<120;i++)
  47   2                                      {
  48   3                                              j=25;
  49   3                                              while(j--)
  50   3                                              {
  51   4                                              P1=~mang1[i];
  52   4                                              }
  53   3                                              
  54   3                                      }
  55   2                              //      P1=0xff;
C51 COMPILER V9.01   CODE_LED_QUAY                                                         09/26/2018 10:08:10 PAGE 2   

  56   2                      k++;
  57   2                      if(k==200)
  58   2                      { 
  59   3                      k=0;
  60   3                      buoc++;                                                                 // dung de hien thi ma code khac
  61   3                      }
  62   2                      break;  
  63   2      
  64   2      //=======================================================================================
  65   2                      default:
  66   2                              {buoc=0;
  67   3                              k=0;}
  68   2                      break;  
  69   2              }
  70   1      }  
  71          
  72          void main()
  73          {
  74   1      TMOD=1;
  75   1      P1=0xff;
  76   1      P0=0xff;
  77   1      EA=1;
  78   1      EX0=1;
  79   1      ET0=1;
  80   1      while(1)
  81   1      { 
  82   2      delay(1000);
  83   2      }
  84   1      } 


MODULE INFORMATION:   STATIC OVERLAYABLE
   CODE SIZE        =    139    ----
   CONSTANT SIZE    =    120    ----
   XDATA SIZE       =   ----    ----
   PDATA SIZE       =   ----    ----
   DATA SIZE        =      6    ----
   IDATA SIZE       =   ----    ----
   BIT SIZE         =   ----    ----
END OF MODULE INFORMATION.


C51 COMPILATION COMPLETE.  0 WARNING(S),  0 ERROR(S)
