C51 COMPILER V9.01   LED                                                                   10/12/2018 00:18:34 PAGE 1   


C51 COMPILER V9.01, COMPILATION OF MODULE LED
OBJECT MODULE PLACED IN Led.OBJ
COMPILER INVOKED BY: D:\keil c\C51\BIN\C51.EXE Led.c OMF2 BROWSE DEBUG

line level    source

   1           #include <main.h>
   2           #define LED P0
   3           sbit L4 = P3^3;
   4           sbit L3 = P3^2;
   5           sbit L2 = P3^1;
   6           sbit L1 = P3^0;
   7           sbit BTN_Up = P3^3;
   8           sbit BTN_Down = P3^2;
   9           int donvi, chuc, tram, ngan;
  10           char bytethap, bytecao;
  11           
  12           
  13           int i, x, dem;
  14           unsigned char code code7seg[10] = {0xFC, 0x60, 0xDA, 0xF2, 0x66, 0xB6, 0xBE, 0xE0, 0xFE, 0xF6};        //catot c
             -hung
  15           void delay_ms(unsigned int t);
  16           void time_on( int t);
  17           void main()
  18           {
  19   1         while(1)
  20   1         {
  21   2           if(BTN_Up==0)
  22   2               {
  23   3                 while(BTN_Up==0) time_on(dem);
  24   3                 if(dem==9999);  else dem++;
  25   3               }
  26   2               if(BTN_Down==0)
  27   2               {
  28   3                 while(BTN_Down==0) time_on(dem);
  29   3                 if(dem==0); else dem--;
  30   3               }
  31   2               time_on(dem);
  32   2        }
  33   1       }
  34           void delay_ms(unsigned int t)
  35           {
  36   1         unsigned int y;
  37   1         for(y=0;y<t;y++)
  38   1         {
  39   2                 TMOD = 0x01;
  40   2                 TH0 = 0xFC;
  41   2                 TL0 = 0x18;
  42   2                 TF0 = 0;
  43   2                 TR0 = 1;
  44   2                 while(!TF0);
  45   2                 TF0 = 0;
  46   2                 TR0 = 0;
  47   2         }
  48   1       }
  49           void time_on( int t)
  50           {
  51   1              ngan = t/1000;
  52   1              tram = (t%1000)/100;
  53   1              chuc = (t%100)/10;
  54   1              donvi = t%10;
C51 COMPILER V9.01   LED                                                                   10/12/2018 00:18:34 PAGE 2   

  55   1         
  56   1          LED = code7seg[donvi];
  57   1              L1      = 0;
  58   1              delay_ms(1);
  59   1              L1 = 1;
  60   1              LED = code7seg[chuc];
  61   1              L2 = 0;
  62   1              delay_ms(1);
  63   1              L2 = 1;
  64   1              LED = code7seg[tram];
  65   1              L3      = 0;
  66   1              delay_ms(1);
  67   1              L3 = 1;
  68   1              LED = code7seg[ngan];
  69   1              L4 = 0;
  70   1              delay_ms(1);
  71   1              L4 = 1;  
  72   1       }
  73           


MODULE INFORMATION:   STATIC OVERLAYABLE
   CODE SIZE        =    286    ----
   CONSTANT SIZE    =     10    ----
   XDATA SIZE       =   ----    ----
   PDATA SIZE       =   ----    ----
   DATA SIZE        =     16    ----
   IDATA SIZE       =   ----    ----
   BIT SIZE         =   ----    ----
   EDATA SIZE       =   ----    ----
   HDATA SIZE       =   ----    ----
   XDATA CONST SIZE =   ----    ----
   FAR CONST SIZE   =   ----    ----
END OF MODULE INFORMATION.


C51 COMPILATION COMPLETE.  0 WARNING(S),  0 ERROR(S)
