C51 COMPILER V9.01   BUTTON                                                                05/11/2018 01:33:12 PAGE 1   


C51 COMPILER V9.01, COMPILATION OF MODULE BUTTON
OBJECT MODULE PLACED IN button.OBJ
COMPILER INVOKED BY: D:\keil c\C51\BIN\C51.EXE button.c BROWSE DEBUG OBJECTEXTEND

line level    source

   1                          #include <regx51.h>
   2                          #include <E:\file Keil C\AT89S52\library\delay.h>
   3                          #include <port.h>
   4                  
   5                          void main()
   6                          {
   7   1                        LED = 1;
   8   1                        while(1)
   9   1                        {
  10   2                             delay(20);
  11   2                             if (BTN == 0) 
  12   2                                 {
  13   3                                  LED = !LED;
  14   3                                      while(BTN == 0);
  15   3                                 }    
  16   2                        }
  17   1                      }


MODULE INFORMATION:   STATIC OVERLAYABLE
   CODE SIZE        =     19    ----
   CONSTANT SIZE    =   ----    ----
   XDATA SIZE       =   ----    ----
   PDATA SIZE       =   ----    ----
   DATA SIZE        =   ----    ----
   IDATA SIZE       =   ----    ----
   BIT SIZE         =   ----    ----
END OF MODULE INFORMATION.


C51 COMPILATION COMPLETE.  0 WARNING(S),  0 ERROR(S)
