C51 COMPILER V9.01   RELAY                                                                 05/24/2018 08:09:54 PAGE 1   


C51 COMPILER V9.01, COMPILATION OF MODULE RELAY
OBJECT MODULE PLACED IN relay.OBJ
COMPILER INVOKED BY: D:\keil c\C51\BIN\C51.EXE relay.c BROWSE DEBUG OBJECTEXTEND

line level    source

   1          #include <main.h>
   2          #include "E:\file Keil C\AT89S52\library\delay.h"
   3          
   4                                          sbit RELAY = P2^1;
   5                                          sbit BTN = P1^0;  
   6          void main()
   7          {
   8   1           RELAY = 1;
   9   1               BTN = 1;
  10   1               while(1)
  11   1               { 
  12   2                 delay(20);
  13   2                 if(BTN == 0)
  14   2                 { 
  15   3                   RELAY = ! RELAY;
  16   3                       while(BTN==0);
  17   3                 }
  18   2               }
  19   1      }


MODULE INFORMATION:   STATIC OVERLAYABLE
   CODE SIZE        =     21    ----
   CONSTANT SIZE    =   ----    ----
   XDATA SIZE       =   ----    ----
   PDATA SIZE       =   ----    ----
   DATA SIZE        =   ----    ----
   IDATA SIZE       =   ----    ----
   BIT SIZE         =   ----    ----
END OF MODULE INFORMATION.


C51 COMPILATION COMPLETE.  0 WARNING(S),  0 ERROR(S)
