C51 COMPILER V9.01   MODE_2                                                                10/01/2018 21:02:58 PAGE 1   


C51 COMPILER V9.01, COMPILATION OF MODULE MODE_2
OBJECT MODULE PLACED IN mode_2.OBJ
COMPILER INVOKED BY: D:\keil c\C51\BIN\C51.EXE mode_2.c BROWSE DEBUG OBJECTEXTEND

line level    source

   1            #include <AT89x52.h>
   2          
   3            void delay_50us();
   4            void main()
   5            {
   6   1           P2_0 = 1;
   7   1          while(1)
   8   1              {
   9   2                delay_50us();
  10   2                P2_0 = !P2_0;
  11   2              }
  12   1        }
  13            void delay_50us()
  14            {
  15   1          TMOD = 0x02;
  16   1              TH0 = 56;
  17   1              TF0 = 0;
  18   1              TR0 = 1;
  19   1              while(1)
  20   1              {
  21   2                if(TF0==1) break;
  22   2              }
  23   1              TR0 = 0;
  24   1              TF0 = 0;
  25   1        }


MODULE INFORMATION:   STATIC OVERLAYABLE
   CODE SIZE        =     27    ----
   CONSTANT SIZE    =   ----    ----
   XDATA SIZE       =   ----    ----
   PDATA SIZE       =   ----    ----
   DATA SIZE        =   ----    ----
   IDATA SIZE       =   ----    ----
   BIT SIZE         =   ----    ----
END OF MODULE INFORMATION.


C51 COMPILATION COMPLETE.  0 WARNING(S),  0 ERROR(S)
