C51 COMPILER V9.01   DELAY                                                                 11/03/2018 13:29:06 PAGE 1   


C51 COMPILER V9.01, COMPILATION OF MODULE DELAY
OBJECT MODULE PLACED IN delay.OBJ
COMPILER INVOKED BY: D:\Keil C\C51\BIN\C51.EXE delay.c BROWSE DEBUG OBJECTEXTEND

line level    source

   1                      #include <delay.h>                  
   2          
   3                                  void delay(unsigned int t)
   4                                  {
   5   1                                 unsigned int x, y;
   6   1                                 for( x = 0 ; x < t ; x++)
   7   1                                 for( y = 0 ; y < 123 ; y++);
   8   1                              }


MODULE INFORMATION:   STATIC OVERLAYABLE
   CODE SIZE        =     32    ----
   CONSTANT SIZE    =   ----    ----
   XDATA SIZE       =   ----    ----
   PDATA SIZE       =   ----    ----
   DATA SIZE        =   ----    ----
   IDATA SIZE       =   ----    ----
   BIT SIZE         =   ----    ----
END OF MODULE INFORMATION.


C51 COMPILATION COMPLETE.  0 WARNING(S),  0 ERROR(S)
