C51 COMPILER V9.01   KIKI                                                                  11/03/2018 13:30:04 PAGE 1   


C51 COMPILER V9.01, COMPILATION OF MODULE KIKI
OBJECT MODULE PLACED IN kiki.OBJ
COMPILER INVOKED BY: D:\Keil C\C51\BIN\C51.EXE kiki.c BROWSE DEBUG OBJECTEXTEND

line level    source

   1          #include <regx51.h>
   2          #include <E:\file Keil C\AT89S52\kiki\delay.h>
   3          void main()
   4          {
   5   1         P0 = P1 = P2 = P3 = 0x55;
   6   1         while(1)
   7   1         {
   8   2              delay(500);
   9   2                      P0 = ~P0;
  10   2                      P1 = ~P1;
  11   2                      P2 = ~P2;
  12   2                      P3 = ~P3;
  13   2         }
  14   1      }


MODULE INFORMATION:   STATIC OVERLAYABLE
   CODE SIZE        =     33    ----
   CONSTANT SIZE    =   ----    ----
   XDATA SIZE       =   ----    ----
   PDATA SIZE       =   ----    ----
   DATA SIZE        =   ----    ----
   IDATA SIZE       =   ----    ----
   BIT SIZE         =   ----    ----
END OF MODULE INFORMATION.


C51 COMPILATION COMPLETE.  0 WARNING(S),  0 ERROR(S)
