C51 COMPILER V9.01   LED_CUBE_8X8                                                          01/12/2019 22:04:46 PAGE 1   


C51 COMPILER V9.01, COMPILATION OF MODULE LED_CUBE_8X8
OBJECT MODULE PLACED IN Led_cube_8x8.OBJ
COMPILER INVOKED BY: D:\Keil C\C51\BIN\C51.EXE Led_cube_8x8.c BROWSE DEBUG OBJECTEXTEND

line level    source

   1           #include <main.h>
   2           #include <delay.h>
   3          
   4           void HC595(unsigned char b1, unsigned char b2, unsigned char b3, unsigned char b4,
   5           unsigned char  b5, unsigned char b6, unsigned char b7, unsigned char b8);
   6           void main()
   7           {
   8   1         while(1)
   9   1         {
  10   2           HC595(0xFF, 0x81, 0x81, 0x81, 0x81, 0x81, 0x81, 0xFF);
  11   2           delay(500);
  12   2               HC595(0x81, 0x42, 0x24, 0x18, 0x18, 0x24, 0x42, 0x81);
  13   2               delay(500);
  14   2         }
  15   1       }
  16           void HC595(unsigned char b1, unsigned char b2, unsigned char b3, unsigned char b4, 
  17           unsigned char b5, unsigned char b6, unsigned char b7, unsigned char b8)
  18           {
  19   1         unsigned int i;
  20   1         for(i=0;i<8;i++)
  21   1         {
  22   2           DS1 = b1&(0x80>>i);
  23   2               DS2 = b2&(0x80>>i);
  24   2               DS3 = b3&(0x80>>i);
  25   2               DS4 = b4&(0x80>>i);
  26   2               DS5 = b5&(0x80>>i);
  27   2               DS6 = b6&(0x80>>i);
  28   2               DS7 = b7&(0x80>>i);
  29   2               DS8 = b8&(0x80>>i);
  30   2               SH_CP = 0;
  31   2               SH_CP = 1;
  32   2         }
  33   1         ST_CP = 0;
  34   1         ST_CP = 1;
  35   1       }


MODULE INFORMATION:   STATIC OVERLAYABLE
   CODE SIZE        =    313    ----
   CONSTANT SIZE    =   ----    ----
   XDATA SIZE       =   ----    ----
   PDATA SIZE       =   ----    ----
   DATA SIZE        =   ----       8
   IDATA SIZE       =   ----    ----
   BIT SIZE         =   ----    ----
END OF MODULE INFORMATION.


C51 COMPILATION COMPLETE.  0 WARNING(S),  0 ERROR(S)
