C51 COMPILER V9.01   ADC                                                                   11/13/2018 11:11:59 PAGE 1   


C51 COMPILER V9.01, COMPILATION OF MODULE ADC
OBJECT MODULE PLACED IN ADC.OBJ
COMPILER INVOKED BY: D:\Keil C\C51\BIN\C51.EXE ADC.c BROWSE DEBUG OBJECTEXTEND

line level    source

   1           #include <regx52.h>
   2           #define LED P3
   3           sbit L4 = P2^4;
   4           sbit L3 = P2^5;
   5           sbit L2 = P2^6;
   6           sbit L1 = P2^7;
   7           sbit BTN_Up = P3^3;
   8           sbit BTN_Down = P3^2;
   9           int donvi, chuc, tram, ngan;
  10           char bytethap, bytecao;
  11           
  12           
  13           int i, x, dem;
  14           unsigned bien;
  15           unsigned char code code7seg[10] = {0xC0, 0xF9, 0xA4, 0xB0, 0x99, 0x92, 0x82, 0xF8, 0x80, 0x90};        
  16           unsigned int doc_ADC();
  17           void delay_ms(unsigned int t);
  18           void time_on( int t);
  19           void main()
  20           {
  21   1         while(1)
  22   1         {
  23   2               bien = doc_ADC();
  24   2           time_on(bien);  
  25   2         }
  26   1       }
  27           void delay_ms(unsigned int t)
  28           {
  29   1         unsigned int y;
  30   1         for(y=0;y<t;y++)
  31   1         {
  32   2                 TMOD = 0x01;
  33   2                 TH0 = 0xFC;
  34   2                 TL0 = 0x18;
  35   2                 TF0 = 0;
  36   2                 TR0 = 1;
  37   2                 while(!TF0);
  38   2                 TF0 = 0;
  39   2                 TR0 = 0;
  40   2         }
  41   1       }
  42           unsigned int doc_ADC()
  43           {
  44   1         int giatri;
  45   1         P2_1 = P2_2 = P2_3 = 0;
  46   1         P2_0 = 0;
  47   1         P2_0 = 1;
  48   1         P2_0 = 0;
  49   1         giatri = P0;
  50   1         return giatri;
  51   1       }
  52           void time_on( int t)
  53           {
  54   1              ngan = t/1000;
  55   1              tram = (t%1000)/100;
C51 COMPILER V9.01   ADC                                                                   11/13/2018 11:11:59 PAGE 2   

  56   1              chuc = (t%100)/10;
  57   1              donvi = t%10;
  58   1         
  59   1          LED = code7seg[donvi];
  60   1              L1      = 0;
  61   1              delay_ms(1);
  62   1              L1 = 1;
  63   1              LED = code7seg[chuc];
  64   1              L2 = 0;
  65   1              delay_ms(1);
  66   1              L2 = 1;
  67   1              LED = code7seg[tram];
  68   1              L3      = 0;
  69   1              delay_ms(1);
  70   1              L3 = 1;
  71   1              LED = code7seg[ngan];
  72   1              L4 = 0;
  73   1              delay_ms(1);
  74   1              L4 = 1;  
  75   1       }
  76           


MODULE INFORMATION:   STATIC OVERLAYABLE
   CODE SIZE        =    250    ----
   CONSTANT SIZE    =     10    ----
   XDATA SIZE       =   ----    ----
   PDATA SIZE       =   ----    ----
   DATA SIZE        =     18    ----
   IDATA SIZE       =   ----    ----
   BIT SIZE         =   ----    ----
END OF MODULE INFORMATION.


C51 COMPILATION COMPLETE.  0 WARNING(S),  0 ERROR(S)
