C51 COMPILER V9.01   UART_MODE1                                                            09/02/2018 00:10:34 PAGE 1   


C51 COMPILER V9.01, COMPILATION OF MODULE UART_MODE1
OBJECT MODULE PLACED IN UART_mode1.OBJ
COMPILER INVOKED BY: D:\keil c\C51\BIN\C51.EXE UART_mode1.c OMF2 BROWSE DEBUG

line level    source

   1           #include <main.h>
   2           #include "..\library\delay.h"
   3           #include "..\library\UARTmode1.h"
   4           void main()
   5           {
   6   1         char i;
   7   1         UART_Init();
   8   1         for(i='a'; i<='z'; i++)
   9   1         {
  10   2               UART_write(i);
  11   2               delay(500);
  12   2         }
  13   1      
  14   1         while(1)
  15   1         {
  16   2      //     if(UART_Data_really()==1)
  17   2      //       {
  18   2      //         P2 = UART_read();
  19   2      //         delay(1);
  20   2      //       }
  21   2         }
  22   1       }


MODULE INFORMATION:   STATIC OVERLAYABLE
   CODE SIZE        =     31    ----
   CONSTANT SIZE    =   ----    ----
   XDATA SIZE       =   ----    ----
   PDATA SIZE       =   ----    ----
   DATA SIZE        =   ----       1
   IDATA SIZE       =   ----    ----
   BIT SIZE         =   ----    ----
   EDATA SIZE       =   ----    ----
   HDATA SIZE       =   ----    ----
   XDATA CONST SIZE =   ----    ----
   FAR CONST SIZE   =   ----    ----
END OF MODULE INFORMATION.


C51 COMPILATION COMPLETE.  0 WARNING(S),  0 ERROR(S)
