C51 COMPILER V9.01   TEXT                                                                  09/27/2018 21:34:50 PAGE 1   


C51 COMPILER V9.01, COMPILATION OF MODULE TEXT
OBJECT MODULE PLACED IN text.OBJ
COMPILER INVOKED BY: D:\keil c\C51\BIN\C51.EXE text.c BROWSE DEBUG OBJECTEXTEND

line level    source

   1            #include <main.h>
   2            #include "..\library\delay.h"
   3            int i;
   4            void main()
   5            {
   6   1          LED = 0xFE;
   7   1          while(1)
   8   1              {
   9   2                LED = 0xFE;
  10   2                for(i=0;i<8;i++)
  11   2                {
  12   3                  delay(100);
  13   3                      LED = LED << 1;
  14   3                }     
  15   2                for(i=0;i<8;i++)
  16   2                {
  17   3                  delay(100);
  18   3                      LED = LED << 1|1;
  19   3                }     
  20   2              }
  21   1        }


MODULE INFORMATION:   STATIC OVERLAYABLE
   CODE SIZE        =     86    ----
   CONSTANT SIZE    =   ----    ----
   XDATA SIZE       =   ----    ----
   PDATA SIZE       =   ----    ----
   DATA SIZE        =      2    ----
   IDATA SIZE       =   ----    ----
   BIT SIZE         =   ----    ----
END OF MODULE INFORMATION.


C51 COMPILATION COMPLETE.  0 WARNING(S),  0 ERROR(S)
