C51 COMPILER V9.01   STEP_MOTOR                                                            11/06/2018 10:30:42 PAGE 1   


C51 COMPILER V9.01, COMPILATION OF MODULE STEP_MOTOR
OBJECT MODULE PLACED IN step_motor.OBJ
COMPILER INVOKED BY: D:\Keil C\C51\BIN\C51.EXE step_motor.c BROWSE DEBUG OBJECTEXTEND

line level    source

   1           #include <main.h>
   2           #include <lcd8.h>
*** WARNING C318 IN LINE 2 OF step_motor.c: can't open file 'lcd8.h'
   3            int y, time;
   4            unsigned char bu_buoc[] = {0x08, 0x04, 0x02, 0x01}; 
   5            unsigned char du_buoc[] = {0x0C, 0x06, 0x03, 0x09};
   6            unsigned char nua_buoc[] = {0x08, 0x0C, 0x04, 0x06, 0x02, 0x03, 0x01, 0x09};
   7            void delay_ms(unsigned int t);
   8            time = 500;
   9            void main()
  10            {
  11   1          while(1)
  12   1              {
  13   2                if(star==0)
  14   2                while(1)
  15   2                {
  16   3                  here:
  17   3                  if(quay_trai==0)
  18   3                      {
  19   4                        while(1)
  20   4                        {
  21   5                              for(y=3;y>=0;y--)
  22   5                              {
  23   6                              STEP = du_buoc[y];
  24   6                              delay_ms(time);
  25   6                              }
  26   5                              if(tang_toc==0) 
  27   5                              {
  28   6                                if(time==100); else time=time-100;
  29   6                              }
  30   5                              if(giam_toc==0) 
  31   5                              {
  32   6                                if(time==1000); else time=time+100;
  33   6                              }
  34   5                              if(quay_phai==0) goto here;
  35   5                              if(dung==0) goto here;
  36   5                        }
  37   4                      }
  38   3                      if(quay_phai==0)
  39   3                      {
  40   4                        while(1)
  41   4                        {
  42   5                              for(y=0;y<4;y++)
  43   5                              {
  44   6                              STEP = du_buoc[y];
  45   6                              delay_ms(time);
  46   6                              }
  47   5                              if(tang_toc==0) 
  48   5                              {
  49   6                                if(time==100); else time=time-100;
  50   6                              }
  51   5                              if(giam_toc==0)
  52   5                              {
  53   6                                if(time==1000); else time=time+100;
  54   6                              }
C51 COMPILER V9.01   STEP_MOTOR                                                            11/06/2018 10:30:42 PAGE 2   

  55   5                              if(quay_trai==0) goto here;
  56   5                              if(dung==0) goto here;
  57   5                        }
  58   4                      }
  59   3                      if(dung==0) break;
  60   3                }
  61   2              }
  62   1        }
  63            void delay_ms(unsigned int t)
  64            {
  65   1          unsigned int x;
  66   1              for(x=0;x<t;x++)
  67   1              {
  68   2                TMOD = 0x01;
  69   2                TH0 = 0xFC;
  70   2                TL0 = 0x18;
  71   2                TF0 = 0;
  72   2                TR0 = 1;
  73   2                while(!TF0);
  74   2                TF0 = 0;
  75   2                TR0 = 0;
  76   2              }
  77   1        }


MODULE INFORMATION:   STATIC OVERLAYABLE
   CODE SIZE        =    239    ----
   CONSTANT SIZE    =   ----    ----
   XDATA SIZE       =   ----    ----
   PDATA SIZE       =   ----    ----
   DATA SIZE        =     20    ----
   IDATA SIZE       =   ----    ----
   BIT SIZE         =   ----    ----
END OF MODULE INFORMATION.


C51 COMPILATION COMPLETE.  1 WARNING(S),  0 ERROR(S)
